
<!DOCTYPE html>
<html>


<head>
	<meta charset='utf-8' /> 
	<meta name='description' content='' />
	<meta name='robots' content='noodp, noydir' />
	<meta name='viewport' content='width=device-width, initial-scale=1' />
	<meta id="timeStampFormat" name="timeStampFormat" content='MMM d, yyyy hh:mm:ss a'/>
	
	<link href='https://fonts.googleapis.com/css?family=Source+Sans+Pro:400,600' rel='stylesheet' type='text/css'>
	<link href="https://fonts.googleapis.com/icon?family=Material+Icons" rel="stylesheet">

		<link href='https://cdn.rawgit.com/anshooarora/extentreports-java/0ef94479b1fc7c18041d6bbf1a8cfbfa321edc0a/dist/css/extent.css' type='text/css' rel='stylesheet' />
	
	<title>reports/Lightbox_Card-1.10_24-07-2018_13-24.html</title>

</head>

	<body class='extent standard default hide-overflow '>
		<div id='theme-selector' alt='Click to toggle theme. To enable by default, use theme configuration.' title='Click to toggle theme. To enable by default, use theme configuration.'>
			<span><i class='material-icons'>desktop_windows</i></span>
		</div>

<nav>
	<div class="nav-wrapper">
		<a href="#!" class="brand-logo blue darken-3">Extent</a>

		<!-- slideout menu -->
		<ul id='slide-out' class='side-nav fixed hide-on-med-and-down'>
			<li class='waves-effect active'><a href='#!' view='test-view' onclick="configureView(0);chartsView('test');"><i class='material-icons'>dashboard</i></a></li>
						<li class='waves-effect'><a href='#!' view='exception-view' onclick="configureView(2)"><i class='material-icons'>bug_report</i></a></li>
			<li class='waves-effect'><a href='#!' onclick="configureView(-1);chartsView('dashboard');" view='dashboard-view'><i class='material-icons'>track_changes</i></i></a></li>
		</ul>

		<!-- report name -->
		<span class='report-name'>reports/Lightbox_Card-1.10_24-07-2018_13-24.html</span>
		
		<!-- report headline -->
		<span class='report-headline'></span>

		<!-- nav-right -->
		<ul id='nav-mobile' class='right hide-on-med-and-down nav-right'>
			<li>
                <a href='#!'>
                    <span class='label suite-start-time blue darken-3'>Jul 24, 2018 01:24:45 PM</span>
				</a>
			</li>
			<li>
                <a href='#!'>
                    <span class='label blue darken-3'>v3.0.5</span>
				</a>
			</li>
		</ul>
	</div>
</nav>

		<!-- container -->
		<div class='container'>

<div id='test-view' class='view'>
				
	<section id='controls'>
		<div class='controls grey lighten-4'>
			<!-- test toggle -->
			<div class='chip transparent'>
				<a class='dropdown-button tests-toggle' data-activates='tests-toggle' data-constrainwidth='true' data-beloworigin='true' data-hover='true' href='#'>
					<i class='material-icons'>warning</i> Status
				</a>
				<ul id='tests-toggle' class='dropdown-content'>
											<li status='pass'><a href='#!'>Pass <i class='material-icons green-text'>check_circle</i></a></li>
						<li status='fail'><a href='#!'>Fail <i class='material-icons red-text'>cancel</i></a></li>
						<li status='error'><a href='#!'>Error <i class='material-icons red-text lighten-2'>error</i></a></li>
						<li status='warning'><a href='#!'>Warning <i class='material-icons orange-text'>warning</i></a></li>
					<li class='divider'></li>
					<li status='clear' clear='true'><a href='#!'>Clear Filters <i class='material-icons'>clear</i></a></li>
				</ul>
			</div>
			<!-- test toggle -->

			<!-- category toggle -->
			<!-- category toggle -->

			<!-- clear filters -->
			<div class='chip transparent hide'>
				<a class='' id='clear-filters' alt='Clear Filters' title='Clear Filters'>
					<i class='material-icons'>close</i> Clear
				</a>
			</div>
			<!-- clear filters -->

			<!-- enable dashboard -->
			<div id='toggle-test-view-charts' class='chip transparent'>
				<a class='' id='enable-dashboard' alt='Enable Dashboard' title='Enable Dashboard'>
					<i class='material-icons'>track_changes</i> Dashboard
				</a>
			</div>
			<!-- enable dashboard -->

			<!-- search -->
			<div class='chip transparent' alt='Search Tests' title='Search Tests'>
				<a href="#" class='search-div'>
					<i class='material-icons'>search</i> Search
				</a>

				<div class='input-field left hide'>
					<input id='search-tests' type='text' class='validate browser-default' placeholder='Search Tests...'>
				</div>
				
			</div>
			<!-- search -->
		</div>
	</section>


	<div class='subview-left left'>
		
		<div class='view-summary'>
			<h5>Tests</h5>
			<ul id='test-collection' class='test-collection'>
				
				
				<li class='test displayed active  pass' status='pass' bdd='false' test-id='1'>
					<div class='test-heading'>
						<span class='test-name'>Init</span>
						<span class='test-time'>Jul 24, 2018 01:24:45 PM</span>
						<span class='test-status right pass'>pass</span>
					</div>
					<div class='test-content hide'>
<div class='test-time-info'>
	<span class='label start-time'>Jul 24, 2018 01:24:45 PM</span>
	<span class='label end-time'>Jul 24, 2018 01:24:45 PM</span>
	<span class='label time-taken grey lighten-1 white-text'>0h 0m 0s+0ms</span>
</div>
					</div>
				</li>
				
				
				<li class='test displayed active has-leaf pass' status='pass' bdd='false' test-id='2'>
					<div class='test-heading'>
						<span class='test-name'>CardPaymentSuccessfullyDone_LB</span>
						<span class='test-time'>Jul 24, 2018 01:24:47 PM</span>
						<span class='test-status right pass'>pass</span>
					</div>
					<div class='test-content hide'>
<div class='test-time-info'>
	<span class='label start-time'>Jul 24, 2018 01:24:47 PM</span>
	<span class='label end-time'>Jul 24, 2018 01:25:09 PM</span>
	<span class='label time-taken grey lighten-1 white-text'>0h 0m 22s+270ms</span>
</div>
	<div class='test-steps'>
		<table class='bordered table-results'>
			<thead>
				<tr>
					<th>Status</th>
					<th>Timestamp</th>
					<th>Details</th>
				</tr>
			</thead>
			<tbody>
				<tr class='log' status='info'>
					<td class='status info' title='info' alt='info'><i class='material-icons'>info_outline</i></td>
					<td class='timestamp'>1:24:47 PM</td>
					<td class='step-details'><span class='label white-text blue'>Setup For Test: CardPaymentSuccessfullyDone_LB</span></td>
				</tr>
			</tbody>
		</table>
	</div>
	<ul class='collapsible node-list' data-collapsible='accordion'>
		
				<li class='node level-1 leaf pass' status='pass' test-id='3'>
					<div class='collapsible-header'>
						<div class='node-name'>PaymentSuccessfullyDone</div>						
						<span class='node-time'>Jul 24, 2018 01:24:51 PM</span>
						<span class='node-duration'>0h 0m 17s+865ms</span>
						<span class='test-status right pass'>pass</span>
					</div>
						<div class='collapsible-body'>
									<div class='node-desc'>PaymentSuccessfullyDone</div>
								<div class='node-steps'>
									<table class='bordered table-results'>
										<thead>
											<tr>
												<th>Status</th>
												<th>Timestamp</th>
												<th>Details</th>
											</tr>
										</thead>
										<tbody>
												<tr class='log' status='info'>
													<td class='status info' title='info' alt='info'><i class='material-icons'>info_outline</i></td>
													<td class='timestamp'>1:24:51 PM</td>
													<td class='step-details'><span class='label white-text teal'>validLogin:Demo</span></td>
												</tr>
												<tr class='log' status='info'>
													<td class='status info' title='info' alt='info'><i class='material-icons'>info_outline</i></td>
													<td class='timestamp'>1:24:54 PM</td>
													<td class='step-details'>set userName's text as 'Demo'</td>
												</tr>
												<tr class='log' status='info'>
													<td class='status info' title='info' alt='info'><i class='material-icons'>info_outline</i></td>
													<td class='timestamp'>1:24:54 PM</td>
													<td class='step-details'>set password's text as 'Com@123'</td>
												</tr>
												<tr class='log' status='info'>
													<td class='status info' title='info' alt='info'><i class='material-icons'>info_outline</i></td>
													<td class='timestamp'>1:24:55 PM</td>
													<td class='step-details'>Click on login_button</td>
												</tr>
												<tr class='log' status='info'>
													<td class='status info' title='info' alt='info'><i class='material-icons'>info_outline</i></td>
													<td class='timestamp'>1:24:55 PM</td>
													<td class='step-details'><span class='label white-text teal'>AddToCart</span></td>
												</tr>
												<tr class='log' status='info'>
													<td class='status info' title='info' alt='info'><i class='material-icons'>info_outline</i></td>
													<td class='timestamp'>1:24:56 PM</td>
													<td class='step-details'>Click on Click_Cart_button</td>
												</tr>
												<tr class='log' status='info'>
													<td class='status info' title='info' alt='info'><i class='material-icons'>info_outline</i></td>
													<td class='timestamp'>1:24:56 PM</td>
													<td class='step-details'>Click on Prooceed_to_payment</td>
												</tr>
												<tr class='log' status='info'>
													<td class='status info' title='info' alt='info'><i class='material-icons'>info_outline</i></td>
													<td class='timestamp'>1:24:56 PM</td>
													<td class='step-details'>Click on payment_page</td>
												</tr>
												<tr class='log' status='info'>
													<td class='status info' title='info' alt='info'><i class='material-icons'>info_outline</i></td>
													<td class='timestamp'>1:24:56 PM</td>
													<td class='step-details'><span class='label white-text teal'>Login to lightbox :</span></td>
												</tr>
												<tr class='log' status='info'>
													<td class='status info' title='info' alt='info'><i class='material-icons'>info_outline</i></td>
													<td class='timestamp'>1:24:57 PM</td>
													<td class='step-details'>set Login Mobile Number's text as '9876543210'</td>
												</tr>
												<tr class='log' status='info'>
													<td class='status info' title='info' alt='info'><i class='material-icons'>info_outline</i></td>
													<td class='timestamp'>1:24:57 PM</td>
													<td class='step-details'>set Login Email-ID's text as 'demo@mail.com'</td>
												</tr>
												<tr class='log' status='info'>
													<td class='status info' title='info' alt='info'><i class='material-icons'>info_outline</i></td>
													<td class='timestamp'>1:24:58 PM</td>
													<td class='step-details'>Click on credit Or Debit Link</td>
												</tr>
												<tr class='log' status='info'>
													<td class='status info' title='info' alt='info'><i class='material-icons'>info_outline</i></td>
													<td class='timestamp'>1:24:58 PM</td>
													<td class='step-details'>set getting opt from DB's text as '379744'</td>
												</tr>
												<tr class='log' status='info'>
													<td class='status info' title='info' alt='info'><i class='material-icons'>info_outline</i></td>
													<td class='timestamp'>1:24:59 PM</td>
													<td class='step-details'>Click on Login Button</td>
												</tr>
												<tr class='log' status='info'>
													<td class='status info' title='info' alt='info'><i class='material-icons'>info_outline</i></td>
													<td class='timestamp'>1:24:59 PM</td>
													<td class='step-details'><span class='label white-text teal'>validCardDetails:</span></td>
												</tr>
												<tr class='log' status='info'>
													<td class='status info' title='info' alt='info'><i class='material-icons'>info_outline</i></td>
													<td class='timestamp'>1:24:59 PM</td>
													<td class='step-details'>Click on Card Number Label</td>
												</tr>
												<tr class='log' status='info'>
													<td class='status info' title='info' alt='info'><i class='material-icons'>info_outline</i></td>
													<td class='timestamp'>1:25:00 PM</td>
													<td class='step-details'>set Card_Number's text as '5454545454545454'</td>
												</tr>
												<tr class='log' status='info'>
													<td class='status info' title='info' alt='info'><i class='material-icons'>info_outline</i></td>
													<td class='timestamp'>1:25:00 PM</td>
													<td class='step-details'>Click on Card Name Lable</td>
												</tr>
												<tr class='log' status='info'>
													<td class='status info' title='info' alt='info'><i class='material-icons'>info_outline</i></td>
													<td class='timestamp'>1:25:00 PM</td>
													<td class='step-details'>set Holder_Name's text as 'AUTCreditUser'</td>
												</tr>
												<tr class='log' status='info'>
													<td class='status info' title='info' alt='info'><i class='material-icons'>info_outline</i></td>
													<td class='timestamp'>1:25:00 PM</td>
													<td class='step-details'>Click on Expiry Date Label</td>
												</tr>
												<tr class='log' status='info'>
													<td class='status info' title='info' alt='info'><i class='material-icons'>info_outline</i></td>
													<td class='timestamp'>1:25:00 PM</td>
													<td class='step-details'>set Expiry Date's text as '2424'</td>
												</tr>
												<tr class='log' status='info'>
													<td class='status info' title='info' alt='info'><i class='material-icons'>info_outline</i></td>
													<td class='timestamp'>1:25:01 PM</td>
													<td class='step-details'>Click on CVV Label</td>
												</tr>
												<tr class='log' status='info'>
													<td class='status info' title='info' alt='info'><i class='material-icons'>info_outline</i></td>
													<td class='timestamp'>1:25:01 PM</td>
													<td class='step-details'>set CVV_Number's text as '123'</td>
												</tr>
												<tr class='log' status='info'>
													<td class='status info' title='info' alt='info'><i class='material-icons'>info_outline</i></td>
													<td class='timestamp'>1:25:01 PM</td>
													<td class='step-details'>Click on Save_Card_Checkbox</td>
												</tr>
												<tr class='log' status='info'>
													<td class='status info' title='info' alt='info'><i class='material-icons'>info_outline</i></td>
													<td class='timestamp'>1:25:01 PM</td>
													<td class='step-details'>Click on Pay_Now_Button</td>
												</tr>
												<tr class='log' status='pass'>
													<td class='status pass' title='pass' alt='pass'><i class='material-icons'>check_circle</i></td>
													<td class='timestamp'>1:25:05 PM</td>
													<td class='step-details'><table><tr><td>Verify</td><td>card payment successfully done through card in lightbox</td></tr><tr><td>Actual</td><td>TRANSACTION SUCCESSFUL</td></tr><tr><td>Expected</td><td>TRANSACTION SUCCESSFUL</td></tr></table></td>
												</tr>
												<tr class='log' status='pass'>
													<td class='status pass' title='pass' alt='pass'><i class='material-icons'>check_circle</i></td>
													<td class='timestamp'>1:25:06 PM</td>
													<td class='step-details'><img data-featherlight='./capture/2018.07.24.13.25.05.png' width='10%' src='' data-src='./capture/2018.07.24.13.25.05.png'></td>
												</tr>
												<tr class='log' status='info'>
													<td class='status info' title='info' alt='info'><i class='material-icons'>info_outline</i></td>
													<td class='timestamp'>1:25:09 PM</td>
													<td class='step-details'>Click on OK Button</td>
												</tr>
										</tbody>
									</table>
								</div>
						</div>
				</li>
	</ul>
					</div>
				</li>
				
				
				<li class='test displayed active has-leaf pass' status='pass' bdd='false' test-id='4'>
					<div class='test-heading'>
						<span class='test-name'>PaymentFailedInEcoCash_LB</span>
						<span class='test-time'>Jul 24, 2018 01:25:09 PM</span>
						<span class='test-status right pass'>pass</span>
					</div>
					<div class='test-content hide'>
<div class='test-time-info'>
	<span class='label start-time'>Jul 24, 2018 01:25:09 PM</span>
	<span class='label end-time'>Jul 24, 2018 01:25:16 PM</span>
	<span class='label time-taken grey lighten-1 white-text'>0h 0m 6s+215ms</span>
</div>
	<div class='test-steps'>
		<table class='bordered table-results'>
			<thead>
				<tr>
					<th>Status</th>
					<th>Timestamp</th>
					<th>Details</th>
				</tr>
			</thead>
			<tbody>
				<tr class='log' status='info'>
					<td class='status info' title='info' alt='info'><i class='material-icons'>info_outline</i></td>
					<td class='timestamp'>1:25:09 PM</td>
					<td class='step-details'><span class='label white-text blue'>Setup For Test: PaymentFailedInEcoCash_LB</span></td>
				</tr>
			</tbody>
		</table>
	</div>
	<ul class='collapsible node-list' data-collapsible='accordion'>
		
				<li class='node level-1 leaf pass' status='pass' test-id='5'>
					<div class='collapsible-header'>
						<div class='node-name'>PAYPLUS-672-LB-wallet-EcoCash-09</div>						
						<span class='node-time'>Jul 24, 2018 01:25:09 PM</span>
						<span class='node-duration'>0h 0m 6s+215ms</span>
						<span class='test-status right pass'>pass</span>
					</div>
						<div class='collapsible-body'>
									<div class='node-desc'>Payment Failed In EcoCash When Customer Rejects The Payment</div>
								<div class='node-steps'>
									<table class='bordered table-results'>
										<thead>
											<tr>
												<th>Status</th>
												<th>Timestamp</th>
												<th>Details</th>
											</tr>
										</thead>
										<tbody>
												<tr class='log' status='info'>
													<td class='status info' title='info' alt='info'><i class='material-icons'>info_outline</i></td>
													<td class='timestamp'>1:25:09 PM</td>
													<td class='step-details'><span class='label white-text teal'>validLogin:Demo</span></td>
												</tr>
												<tr class='log' status='info'>
													<td class='status info' title='info' alt='info'><i class='material-icons'>info_outline</i></td>
													<td class='timestamp'>1:25:10 PM</td>
													<td class='step-details'>set userName's text as 'Demo'</td>
												</tr>
												<tr class='log' status='info'>
													<td class='status info' title='info' alt='info'><i class='material-icons'>info_outline</i></td>
													<td class='timestamp'>1:25:10 PM</td>
													<td class='step-details'>set password's text as 'Com@123'</td>
												</tr>
												<tr class='log' status='info'>
													<td class='status info' title='info' alt='info'><i class='material-icons'>info_outline</i></td>
													<td class='timestamp'>1:25:11 PM</td>
													<td class='step-details'>Click on login_button</td>
												</tr>
												<tr class='log' status='info'>
													<td class='status info' title='info' alt='info'><i class='material-icons'>info_outline</i></td>
													<td class='timestamp'>1:25:11 PM</td>
													<td class='step-details'><span class='label white-text teal'>AddToCart</span></td>
												</tr>
												<tr class='log' status='info'>
													<td class='status info' title='info' alt='info'><i class='material-icons'>info_outline</i></td>
													<td class='timestamp'>1:25:11 PM</td>
													<td class='step-details'>Click on Click_Cart_button</td>
												</tr>
												<tr class='log' status='info'>
													<td class='status info' title='info' alt='info'><i class='material-icons'>info_outline</i></td>
													<td class='timestamp'>1:25:11 PM</td>
													<td class='step-details'>Click on Prooceed_to_payment</td>
												</tr>
												<tr class='log' status='info'>
													<td class='status info' title='info' alt='info'><i class='material-icons'>info_outline</i></td>
													<td class='timestamp'>1:25:11 PM</td>
													<td class='step-details'>Click on payment_page</td>
												</tr>
												<tr class='log' status='info'>
													<td class='status info' title='info' alt='info'><i class='material-icons'>info_outline</i></td>
													<td class='timestamp'>1:25:12 PM</td>
													<td class='step-details'>Click on Click On Wallet Button</td>
												</tr>
												<tr class='log' status='info'>
													<td class='status info' title='info' alt='info'><i class='material-icons'>info_outline</i></td>
													<td class='timestamp'>1:25:12 PM</td>
													<td class='step-details'>Click on Click On Eco-Cash Radio Button</td>
												</tr>
												<tr class='log' status='info'>
													<td class='status info' title='info' alt='info'><i class='material-icons'>info_outline</i></td>
													<td class='timestamp'>1:25:12 PM</td>
													<td class='step-details'>Click on Click On Pay Now Botton</td>
												</tr>
												<tr class='log' status='info'>
													<td class='status info' title='info' alt='info'><i class='material-icons'>info_outline</i></td>
													<td class='timestamp'>1:25:12 PM</td>
													<td class='step-details'>set Enter Mobile Number's text as '9149786653'</td>
												</tr>
												<tr class='log' status='info'>
													<td class='status info' title='info' alt='info'><i class='material-icons'>info_outline</i></td>
													<td class='timestamp'>1:25:13 PM</td>
													<td class='step-details'>Click on Click On Submit Button</td>
												</tr>
												<tr class='log' status='info'>
													<td class='status info' title='info' alt='info'><i class='material-icons'>info_outline</i></td>
													<td class='timestamp'>1:25:13 PM</td>
													<td class='step-details'>json: {
   "actionType" : "REJECT",
   "imei" : "1234567890",
   "customerId" : "9149786653",
   "rrn" : "EC180724133013100172"
}</td>
												</tr>
												<tr class='log' status='info'>
													<td class='status info' title='info' alt='info'><i class='material-icons'>info_outline</i></td>
													<td class='timestamp'>1:25:13 PM</td>
													<td class='step-details'><span class='label white-text teal'>PostRequestInitiated:</span></td>
												</tr>
												<tr class='log' status='info'>
													<td class='status info' title='info' alt='info'><i class='material-icons'>info_outline</i></td>
													<td class='timestamp'>1:25:14 PM</td>
													<td class='step-details'>Code Is: 0000 Successfully Matching Reference ID & Mobile Number</td>
												</tr>
												<tr class='log' status='pass'>
													<td class='status pass' title='pass' alt='pass'><i class='material-icons'>check_circle</i></td>
													<td class='timestamp'>1:25:14 PM</td>
													<td class='step-details'><table><tr><td>Verify</td><td>Payment is Initiated</td></tr><tr><td>Actual</td><td>0000</td></tr><tr><td>Expected</td><td>0000</td></tr></table></td>
												</tr>
												<tr class='log' status='pass'>
													<td class='status pass' title='pass' alt='pass'><i class='material-icons'>check_circle</i></td>
													<td class='timestamp'>1:25:15 PM</td>
													<td class='step-details'><img data-featherlight='./capture/2018.07.24.13.25.14.png' width='10%' src='' data-src='./capture/2018.07.24.13.25.14.png'></td>
												</tr>
												<tr class='log' status='info'>
													<td class='status info' title='info' alt='info'><i class='material-icons'>info_outline</i></td>
													<td class='timestamp'>1:25:15 PM</td>
													<td class='step-details'>Click on Click On Confirm Payment Button</td>
												</tr>
												<tr class='log' status='info'>
													<td class='status info' title='info' alt='info'><i class='material-icons'>info_outline</i></td>
													<td class='timestamp'>1:25:15 PM</td>
													<td class='step-details'><span class='label white-text amber'>startNegativeTest:</span></td>
												</tr>
												<tr class='log' status='pass'>
													<td class='status pass' title='pass' alt='pass'><i class='material-icons'>check_circle</i></td>
													<td class='timestamp'>1:25:15 PM</td>
													<td class='step-details'><table><tr><td>Verify</td><td>Verify wallet payment is failed when user rejects the payment for user:USR9616</td></tr><tr><td>Actual</td><td>Payment Failed


Proceed</td></tr><tr><td>Expected</td><td>Payment Failed</td></tr></table></td>
												</tr>
												<tr class='log' status='pass'>
													<td class='status pass' title='pass' alt='pass'><i class='material-icons'>check_circle</i></td>
													<td class='timestamp'>1:25:16 PM</td>
													<td class='step-details'><img data-featherlight='./capture/2018.07.24.13.25.15.png' width='10%' src='' data-src='./capture/2018.07.24.13.25.15.png'></td>
												</tr>
										</tbody>
									</table>
								</div>
						</div>
				</li>
	</ul>
					</div>
				</li>
				
				
				<li class='test displayed active has-leaf fail' status='fail' bdd='false' test-id='6'>
					<div class='test-heading'>
						<span class='test-name'>PaymentFailedInMPesa_LB</span>
						<span class='test-time'>Jul 24, 2018 01:25:16 PM</span>
						<span class='test-status right fail'>fail</span>
					</div>
					<div class='test-content hide'>
<div class='test-time-info'>
	<span class='label start-time'>Jul 24, 2018 01:25:16 PM</span>
	<span class='label end-time'>Jul 24, 2018 01:25:20 PM</span>
	<span class='label time-taken grey lighten-1 white-text'>0h 0m 3s+822ms</span>
</div>
	<div class='test-steps'>
		<table class='bordered table-results'>
			<thead>
				<tr>
					<th>Status</th>
					<th>Timestamp</th>
					<th>Details</th>
				</tr>
			</thead>
			<tbody>
				<tr class='log' status='info'>
					<td class='status info' title='info' alt='info'><i class='material-icons'>info_outline</i></td>
					<td class='timestamp'>1:25:16 PM</td>
					<td class='step-details'><span class='label white-text blue'>Setup For Test: PaymentFailedInMPesa_LB</span></td>
				</tr>
			</tbody>
		</table>
	</div>
	<ul class='collapsible node-list' data-collapsible='accordion'>
		
				<li class='node level-1 leaf fail' status='fail' test-id='7'>
					<div class='collapsible-header'>
						<div class='node-name'>PAYPLUS-672-LB-wallet-MPesa-08</div>						
						<span class='node-time'>Jul 24, 2018 01:25:16 PM</span>
						<span class='node-duration'>0h 0m 3s+822ms</span>
						<span class='test-status right fail'>fail</span>
					</div>
						<div class='collapsible-body'>
									<div class='node-desc'>Payment Failed In M-Pesa When Customer Rejects The Payment</div>
								<div class='node-steps'>
									<table class='bordered table-results'>
										<thead>
											<tr>
												<th>Status</th>
												<th>Timestamp</th>
												<th>Details</th>
											</tr>
										</thead>
										<tbody>
												<tr class='log' status='info'>
													<td class='status info' title='info' alt='info'><i class='material-icons'>info_outline</i></td>
													<td class='timestamp'>1:25:16 PM</td>
													<td class='step-details'><span class='label white-text teal'>validLogin:Demo</span></td>
												</tr>
												<tr class='log' status='info'>
													<td class='status info' title='info' alt='info'><i class='material-icons'>info_outline</i></td>
													<td class='timestamp'>1:25:16 PM</td>
													<td class='step-details'>set userName's text as 'Demo'</td>
												</tr>
												<tr class='log' status='info'>
													<td class='status info' title='info' alt='info'><i class='material-icons'>info_outline</i></td>
													<td class='timestamp'>1:25:16 PM</td>
													<td class='step-details'>set password's text as 'Com@123'</td>
												</tr>
												<tr class='log' status='info'>
													<td class='status info' title='info' alt='info'><i class='material-icons'>info_outline</i></td>
													<td class='timestamp'>1:25:17 PM</td>
													<td class='step-details'>Click on login_button</td>
												</tr>
												<tr class='log' status='info'>
													<td class='status info' title='info' alt='info'><i class='material-icons'>info_outline</i></td>
													<td class='timestamp'>1:25:17 PM</td>
													<td class='step-details'><span class='label white-text teal'>AddToCart</span></td>
												</tr>
												<tr class='log' status='info'>
													<td class='status info' title='info' alt='info'><i class='material-icons'>info_outline</i></td>
													<td class='timestamp'>1:25:17 PM</td>
													<td class='step-details'>Click on Click_Cart_button</td>
												</tr>
												<tr class='log' status='info'>
													<td class='status info' title='info' alt='info'><i class='material-icons'>info_outline</i></td>
													<td class='timestamp'>1:25:17 PM</td>
													<td class='step-details'>Click on Prooceed_to_payment</td>
												</tr>
												<tr class='log' status='info'>
													<td class='status info' title='info' alt='info'><i class='material-icons'>info_outline</i></td>
													<td class='timestamp'>1:25:17 PM</td>
													<td class='step-details'>Click on payment_page</td>
												</tr>
												<tr class='log' status='info'>
													<td class='status info' title='info' alt='info'><i class='material-icons'>info_outline</i></td>
													<td class='timestamp'>1:25:18 PM</td>
													<td class='step-details'>Click on Click On Wallet Button</td>
												</tr>
												<tr class='log' status='info'>
													<td class='status info' title='info' alt='info'><i class='material-icons'>info_outline</i></td>
													<td class='timestamp'>1:25:18 PM</td>
													<td class='step-details'>Click on Click On M-Pesa Radio Button</td>
												</tr>
												<tr class='log' status='info'>
													<td class='status info' title='info' alt='info'><i class='material-icons'>info_outline</i></td>
													<td class='timestamp'>1:25:18 PM</td>
													<td class='step-details'>Click on Click On Pay Now Botton</td>
												</tr>
												<tr class='log' status='info'>
													<td class='status info' title='info' alt='info'><i class='material-icons'>info_outline</i></td>
													<td class='timestamp'>1:25:18 PM</td>
													<td class='step-details'>set Enter Mobile Number's text as '9432068687'</td>
												</tr>
												<tr class='log' status='info'>
													<td class='status info' title='info' alt='info'><i class='material-icons'>info_outline</i></td>
													<td class='timestamp'>1:25:19 PM</td>
													<td class='step-details'>Click on Click On Generate ID</td>
												</tr>
												<tr class='log' status='info'>
													<td class='status info' title='info' alt='info'><i class='material-icons'>info_outline</i></td>
													<td class='timestamp'>1:25:19 PM</td>
													<td class='step-details'>json: {
   "actionType" : "REJECT",
   "imei" : "1234567890",
   "customerId" : "9432068687",
   "rrn" : "MP180724133019100174"
}</td>
												</tr>
												<tr class='log' status='info'>
													<td class='status info' title='info' alt='info'><i class='material-icons'>info_outline</i></td>
													<td class='timestamp'>1:25:19 PM</td>
													<td class='step-details'><span class='label white-text teal'>PostRequestInitiated:</span></td>
												</tr>
												<tr class='log' status='info'>
													<td class='status info' title='info' alt='info'><i class='material-icons'>info_outline</i></td>
													<td class='timestamp'>1:25:19 PM</td>
													<td class='step-details'>Code Is: 0005 NoRecordsFound</td>
												</tr>
												<tr class='log' status='fail'>
													<td class='status fail' title='fail' alt='fail'><i class='material-icons'>cancel</i></td>
													<td class='timestamp'>1:25:19 PM</td>
													<td class='step-details'><table><tr><td>Verify</td><td>Payment is Initiated</td></tr><tr><td>Actual</td><td>0000</td></tr><tr><td>Expected</td><td>0005</td></tr></table></td>
												</tr>
												<tr class='log' status='fail'>
													<td class='status fail' title='fail' alt='fail'><i class='material-icons'>cancel</i></td>
													<td class='timestamp'>1:25:20 PM</td>
													<td class='step-details'><img data-featherlight='./capture/2018.07.24.13.25.19.png' width='10%' src='' data-src='./capture/2018.07.24.13.25.19.png'></td>
												</tr>
										</tbody>
									</table>
								</div>
						</div>
				</li>
	</ul>
					</div>
				</li>
				
				
				<li class='test displayed active has-leaf pass' status='pass' bdd='false' test-id='8'>
					<div class='test-heading'>
						<span class='test-name'>CustomerShouldGetErrorMessageWhenUserEntersWrongCredentials_LB</span>
						<span class='test-time'>Jul 24, 2018 01:25:20 PM</span>
						<span class='test-status right pass'>pass</span>
					</div>
					<div class='test-content hide'>
<div class='test-time-info'>
	<span class='label start-time'>Jul 24, 2018 01:25:20 PM</span>
	<span class='label end-time'>Jul 24, 2018 01:25:40 PM</span>
	<span class='label time-taken grey lighten-1 white-text'>0h 0m 19s+866ms</span>
</div>
	<div class='test-steps'>
		<table class='bordered table-results'>
			<thead>
				<tr>
					<th>Status</th>
					<th>Timestamp</th>
					<th>Details</th>
				</tr>
			</thead>
			<tbody>
				<tr class='log' status='info'>
					<td class='status info' title='info' alt='info'><i class='material-icons'>info_outline</i></td>
					<td class='timestamp'>1:25:20 PM</td>
					<td class='step-details'><span class='label white-text blue'>Setup For Test: CustomerShouldGetErrorMessageWhenUserEntersWrongCredentials_LB</span></td>
				</tr>
			</tbody>
		</table>
	</div>
	<ul class='collapsible node-list' data-collapsible='accordion'>
		
				<li class='node level-1 leaf pass' status='pass' test-id='9'>
					<div class='collapsible-header'>
						<div class='node-name'>InvalidCardNumber</div>						
						<span class='node-time'>Jul 24, 2018 01:25:20 PM</span>
						<span class='node-duration'>0h 0m 19s+866ms</span>
						<span class='test-status right pass'>pass</span>
					</div>
						<div class='collapsible-body'>
									<div class='node-desc'>InvalidCardNumber</div>
								<div class='node-steps'>
									<table class='bordered table-results'>
										<thead>
											<tr>
												<th>Status</th>
												<th>Timestamp</th>
												<th>Details</th>
											</tr>
										</thead>
										<tbody>
												<tr class='log' status='info'>
													<td class='status info' title='info' alt='info'><i class='material-icons'>info_outline</i></td>
													<td class='timestamp'>1:25:20 PM</td>
													<td class='step-details'><span class='label white-text teal'>validLogin:Demo</span></td>
												</tr>
												<tr class='log' status='info'>
													<td class='status info' title='info' alt='info'><i class='material-icons'>info_outline</i></td>
													<td class='timestamp'>1:25:20 PM</td>
													<td class='step-details'>set userName's text as 'Demo'</td>
												</tr>
												<tr class='log' status='info'>
													<td class='status info' title='info' alt='info'><i class='material-icons'>info_outline</i></td>
													<td class='timestamp'>1:25:20 PM</td>
													<td class='step-details'>set password's text as 'Com@123'</td>
												</tr>
												<tr class='log' status='info'>
													<td class='status info' title='info' alt='info'><i class='material-icons'>info_outline</i></td>
													<td class='timestamp'>1:25:21 PM</td>
													<td class='step-details'>Click on login_button</td>
												</tr>
												<tr class='log' status='info'>
													<td class='status info' title='info' alt='info'><i class='material-icons'>info_outline</i></td>
													<td class='timestamp'>1:25:21 PM</td>
													<td class='step-details'><span class='label white-text teal'>AddToCart</span></td>
												</tr>
												<tr class='log' status='info'>
													<td class='status info' title='info' alt='info'><i class='material-icons'>info_outline</i></td>
													<td class='timestamp'>1:25:21 PM</td>
													<td class='step-details'>Click on Click_Cart_button</td>
												</tr>
												<tr class='log' status='info'>
													<td class='status info' title='info' alt='info'><i class='material-icons'>info_outline</i></td>
													<td class='timestamp'>1:25:21 PM</td>
													<td class='step-details'>Click on Prooceed_to_payment</td>
												</tr>
												<tr class='log' status='info'>
													<td class='status info' title='info' alt='info'><i class='material-icons'>info_outline</i></td>
													<td class='timestamp'>1:25:21 PM</td>
													<td class='step-details'>Click on payment_page</td>
												</tr>
												<tr class='log' status='info'>
													<td class='status info' title='info' alt='info'><i class='material-icons'>info_outline</i></td>
													<td class='timestamp'>1:25:21 PM</td>
													<td class='step-details'><span class='label white-text teal'>Login to lightbox :</span></td>
												</tr>
												<tr class='log' status='info'>
													<td class='status info' title='info' alt='info'><i class='material-icons'>info_outline</i></td>
													<td class='timestamp'>1:25:22 PM</td>
													<td class='step-details'>set Login Mobile Number's text as '9876543210'</td>
												</tr>
												<tr class='log' status='info'>
													<td class='status info' title='info' alt='info'><i class='material-icons'>info_outline</i></td>
													<td class='timestamp'>1:25:22 PM</td>
													<td class='step-details'>set Login Email-ID's text as 'demo@mail.com'</td>
												</tr>
												<tr class='log' status='info'>
													<td class='status info' title='info' alt='info'><i class='material-icons'>info_outline</i></td>
													<td class='timestamp'>1:25:23 PM</td>
													<td class='step-details'>Click on credit Or Debit Link</td>
												</tr>
												<tr class='log' status='info'>
													<td class='status info' title='info' alt='info'><i class='material-icons'>info_outline</i></td>
													<td class='timestamp'>1:25:23 PM</td>
													<td class='step-details'>set getting opt from DB's text as '450934'</td>
												</tr>
												<tr class='log' status='info'>
													<td class='status info' title='info' alt='info'><i class='material-icons'>info_outline</i></td>
													<td class='timestamp'>1:25:23 PM</td>
													<td class='step-details'>Click on Login Button</td>
												</tr>
												<tr class='log' status='info'>
													<td class='status info' title='info' alt='info'><i class='material-icons'>info_outline</i></td>
													<td class='timestamp'>1:25:23 PM</td>
													<td class='step-details'>Click on Card Number Label</td>
												</tr>
												<tr class='log' status='info'>
													<td class='status info' title='info' alt='info'><i class='material-icons'>info_outline</i></td>
													<td class='timestamp'>1:25:24 PM</td>
													<td class='step-details'>set Card_Number's text as '12345678998765432'</td>
												</tr>
												<tr class='log' status='info'>
													<td class='status info' title='info' alt='info'><i class='material-icons'>info_outline</i></td>
													<td class='timestamp'>1:25:24 PM</td>
													<td class='step-details'>Click on Card Name Lable</td>
												</tr>
												<tr class='log' status='info'>
													<td class='status info' title='info' alt='info'><i class='material-icons'>info_outline</i></td>
													<td class='timestamp'>1:25:24 PM</td>
													<td class='step-details'>set Holder_Name's text as 'AUTCreditUser'</td>
												</tr>
												<tr class='log' status='pass'>
													<td class='status pass' title='pass' alt='pass'><i class='material-icons'>check_circle</i></td>
													<td class='timestamp'>1:25:26 PM</td>
													<td class='step-details'><table><tr><td>Verify</td><td>verify</td></tr><tr><td>Actual</td><td>Please enter a valid card number.</td></tr><tr><td>Expected</td><td>Please enter a valid card number.</td></tr></table></td>
												</tr>
												<tr class='log' status='pass'>
													<td class='status pass' title='pass' alt='pass'><i class='material-icons'>check_circle</i></td>
													<td class='timestamp'>1:25:26 PM</td>
													<td class='step-details'><img data-featherlight='./capture/2018.07.24.13.25.26.png' width='10%' src='' data-src='./capture/2018.07.24.13.25.26.png'></td>
												</tr>
												<tr class='log' status='info'>
													<td class='status info' title='info' alt='info'><i class='material-icons'>info_outline</i></td>
													<td class='timestamp'>1:25:27 PM</td>
													<td class='step-details'>Click on OK Button</td>
												</tr>
												<tr class='log' status='info'>
													<td class='status info' title='info' alt='info'><i class='material-icons'>info_outline</i></td>
													<td class='timestamp'>1:25:29 PM</td>
													<td class='step-details'>Click on Expiry Date Label</td>
												</tr>
												<tr class='log' status='info'>
													<td class='status info' title='info' alt='info'><i class='material-icons'>info_outline</i></td>
													<td class='timestamp'>1:25:29 PM</td>
													<td class='step-details'>set Expiry Date's text as '1111'</td>
												</tr>
												<tr class='log' status='info'>
													<td class='status info' title='info' alt='info'><i class='material-icons'>info_outline</i></td>
													<td class='timestamp'>1:25:29 PM</td>
													<td class='step-details'>Click on CVV Label</td>
												</tr>
												<tr class='log' status='info'>
													<td class='status info' title='info' alt='info'><i class='material-icons'>info_outline</i></td>
													<td class='timestamp'>1:25:29 PM</td>
													<td class='step-details'>set CVV_Number's text as '123'</td>
												</tr>
												<tr class='log' status='pass'>
													<td class='status pass' title='pass' alt='pass'><i class='material-icons'>check_circle</i></td>
													<td class='timestamp'>1:25:31 PM</td>
													<td class='step-details'><table><tr><td>Verify</td><td>verify</td></tr><tr><td>Actual</td><td>Please enter a valid expiry date</td></tr><tr><td>Expected</td><td>Please enter a valid expiry date</td></tr></table></td>
												</tr>
												<tr class='log' status='pass'>
													<td class='status pass' title='pass' alt='pass'><i class='material-icons'>check_circle</i></td>
													<td class='timestamp'>1:25:32 PM</td>
													<td class='step-details'><img data-featherlight='./capture/2018.07.24.13.25.31.png' width='10%' src='' data-src='./capture/2018.07.24.13.25.31.png'></td>
												</tr>
												<tr class='log' status='info'>
													<td class='status info' title='info' alt='info'><i class='material-icons'>info_outline</i></td>
													<td class='timestamp'>1:25:32 PM</td>
													<td class='step-details'>Click on OK Button</td>
												</tr>
												<tr class='log' status='info'>
													<td class='status info' title='info' alt='info'><i class='material-icons'>info_outline</i></td>
													<td class='timestamp'>1:25:34 PM</td>
													<td class='step-details'>Click on Pay_Now_Button</td>
												</tr>
												<tr class='log' status='pass'>
													<td class='status pass' title='pass' alt='pass'><i class='material-icons'>check_circle</i></td>
													<td class='timestamp'>1:25:39 PM</td>
													<td class='step-details'><table><tr><td>Verify</td><td>verify</td></tr><tr><td>Actual</td><td>Some of the required fields are missing or are incorrect. Please make sure to fill out all the fields correctly and try again.</td></tr><tr><td>Expected</td><td>Some of the required fields are missing or are incorrect.</td></tr></table></td>
												</tr>
												<tr class='log' status='pass'>
													<td class='status pass' title='pass' alt='pass'><i class='material-icons'>check_circle</i></td>
													<td class='timestamp'>1:25:40 PM</td>
													<td class='step-details'><img data-featherlight='./capture/2018.07.24.13.25.39.png' width='10%' src='' data-src='./capture/2018.07.24.13.25.39.png'></td>
												</tr>
										</tbody>
									</table>
								</div>
						</div>
				</li>
	</ul>
					</div>
				</li>
				
				
				<li class='test displayed active has-leaf pass' status='pass' bdd='false' test-id='10'>
					<div class='test-heading'>
						<span class='test-name'>PaymentSuccessfullyDoneThroughEcoCash_LB</span>
						<span class='test-time'>Jul 24, 2018 01:25:40 PM</span>
						<span class='test-status right pass'>pass</span>
					</div>
					<div class='test-content hide'>
<div class='test-time-info'>
	<span class='label start-time'>Jul 24, 2018 01:25:40 PM</span>
	<span class='label end-time'>Jul 24, 2018 01:25:44 PM</span>
	<span class='label time-taken grey lighten-1 white-text'>0h 0m 4s+627ms</span>
</div>
	<div class='test-steps'>
		<table class='bordered table-results'>
			<thead>
				<tr>
					<th>Status</th>
					<th>Timestamp</th>
					<th>Details</th>
				</tr>
			</thead>
			<tbody>
				<tr class='log' status='info'>
					<td class='status info' title='info' alt='info'><i class='material-icons'>info_outline</i></td>
					<td class='timestamp'>1:25:40 PM</td>
					<td class='step-details'><span class='label white-text blue'>Setup For Test: PaymentSuccessfullyDoneThroughEcoCash_LB</span></td>
				</tr>
			</tbody>
		</table>
	</div>
	<ul class='collapsible node-list' data-collapsible='accordion'>
		
				<li class='node level-1 leaf pass' status='pass' test-id='11'>
					<div class='collapsible-header'>
						<div class='node-name'>PAYPLUS-672-LB-wallet-EcoCash-08</div>						
						<span class='node-time'>Jul 24, 2018 01:25:40 PM</span>
						<span class='node-duration'>0h 0m 4s+627ms</span>
						<span class='test-status right pass'>pass</span>
					</div>
						<div class='collapsible-body'>
									<div class='node-desc'>Payment Successfully Done Through EcoCash</div>
								<div class='node-steps'>
									<table class='bordered table-results'>
										<thead>
											<tr>
												<th>Status</th>
												<th>Timestamp</th>
												<th>Details</th>
											</tr>
										</thead>
										<tbody>
												<tr class='log' status='info'>
													<td class='status info' title='info' alt='info'><i class='material-icons'>info_outline</i></td>
													<td class='timestamp'>1:25:40 PM</td>
													<td class='step-details'><span class='label white-text teal'>validLogin:Demo</span></td>
												</tr>
												<tr class='log' status='info'>
													<td class='status info' title='info' alt='info'><i class='material-icons'>info_outline</i></td>
													<td class='timestamp'>1:25:40 PM</td>
													<td class='step-details'>set userName's text as 'Demo'</td>
												</tr>
												<tr class='log' status='info'>
													<td class='status info' title='info' alt='info'><i class='material-icons'>info_outline</i></td>
													<td class='timestamp'>1:25:40 PM</td>
													<td class='step-details'>set password's text as 'Com@123'</td>
												</tr>
												<tr class='log' status='info'>
													<td class='status info' title='info' alt='info'><i class='material-icons'>info_outline</i></td>
													<td class='timestamp'>1:25:41 PM</td>
													<td class='step-details'>Click on login_button</td>
												</tr>
												<tr class='log' status='info'>
													<td class='status info' title='info' alt='info'><i class='material-icons'>info_outline</i></td>
													<td class='timestamp'>1:25:41 PM</td>
													<td class='step-details'><span class='label white-text teal'>AddToCart</span></td>
												</tr>
												<tr class='log' status='info'>
													<td class='status info' title='info' alt='info'><i class='material-icons'>info_outline</i></td>
													<td class='timestamp'>1:25:41 PM</td>
													<td class='step-details'>Click on Click_Cart_button</td>
												</tr>
												<tr class='log' status='info'>
													<td class='status info' title='info' alt='info'><i class='material-icons'>info_outline</i></td>
													<td class='timestamp'>1:25:41 PM</td>
													<td class='step-details'>Click on Prooceed_to_payment</td>
												</tr>
												<tr class='log' status='info'>
													<td class='status info' title='info' alt='info'><i class='material-icons'>info_outline</i></td>
													<td class='timestamp'>1:25:41 PM</td>
													<td class='step-details'>Click on payment_page</td>
												</tr>
												<tr class='log' status='info'>
													<td class='status info' title='info' alt='info'><i class='material-icons'>info_outline</i></td>
													<td class='timestamp'>1:25:41 PM</td>
													<td class='step-details'><span class='label white-text teal'>initiateWalletPayment:</span></td>
												</tr>
												<tr class='log' status='info'>
													<td class='status info' title='info' alt='info'><i class='material-icons'>info_outline</i></td>
													<td class='timestamp'>1:25:42 PM</td>
													<td class='step-details'>Click on Click On Wallet Button</td>
												</tr>
												<tr class='log' status='info'>
													<td class='status info' title='info' alt='info'><i class='material-icons'>info_outline</i></td>
													<td class='timestamp'>1:25:42 PM</td>
													<td class='step-details'>Click on Click On Eco-Cash Radio Button</td>
												</tr>
												<tr class='log' status='info'>
													<td class='status info' title='info' alt='info'><i class='material-icons'>info_outline</i></td>
													<td class='timestamp'>1:25:42 PM</td>
													<td class='step-details'>Click on Click On Pay Now Botton</td>
												</tr>
												<tr class='log' status='info'>
													<td class='status info' title='info' alt='info'><i class='material-icons'>info_outline</i></td>
													<td class='timestamp'>1:25:42 PM</td>
													<td class='step-details'>set Enter Mobile Number's text as '9407248084'</td>
												</tr>
												<tr class='log' status='info'>
													<td class='status info' title='info' alt='info'><i class='material-icons'>info_outline</i></td>
													<td class='timestamp'>1:25:43 PM</td>
													<td class='step-details'>Click on Click On Submit Button</td>
												</tr>
												<tr class='log' status='info'>
													<td class='status info' title='info' alt='info'><i class='material-icons'>info_outline</i></td>
													<td class='timestamp'>1:25:43 PM</td>
													<td class='step-details'>json: {
   "actionType" : "ACCEPT",
   "imei" : "1234567890",
   "customerId" : "9407248084",
   "rrn" : "EC180724133043100180"
}</td>
												</tr>
												<tr class='log' status='info'>
													<td class='status info' title='info' alt='info'><i class='material-icons'>info_outline</i></td>
													<td class='timestamp'>1:25:43 PM</td>
													<td class='step-details'><span class='label white-text teal'>PostRequestInitiated:</span></td>
												</tr>
												<tr class='log' status='info'>
													<td class='status info' title='info' alt='info'><i class='material-icons'>info_outline</i></td>
													<td class='timestamp'>1:25:43 PM</td>
													<td class='step-details'>Code Is: 0000 Successfully Matching Reference ID & Mobile Number</td>
												</tr>
												<tr class='log' status='pass'>
													<td class='status pass' title='pass' alt='pass'><i class='material-icons'>check_circle</i></td>
													<td class='timestamp'>1:25:43 PM</td>
													<td class='step-details'><table><tr><td>Verify</td><td>Payment is Initiated</td></tr><tr><td>Actual</td><td>0000</td></tr><tr><td>Expected</td><td>0000</td></tr></table></td>
												</tr>
												<tr class='log' status='pass'>
													<td class='status pass' title='pass' alt='pass'><i class='material-icons'>check_circle</i></td>
													<td class='timestamp'>1:25:43 PM</td>
													<td class='step-details'><img data-featherlight='./capture/2018.07.24.13.25.43.png' width='10%' src='' data-src='./capture/2018.07.24.13.25.43.png'></td>
												</tr>
												<tr class='log' status='info'>
													<td class='status info' title='info' alt='info'><i class='material-icons'>info_outline</i></td>
													<td class='timestamp'>1:25:44 PM</td>
													<td class='step-details'>Click on Click On Confirm Payment Button</td>
												</tr>
												<tr class='log' status='pass'>
													<td class='status pass' title='pass' alt='pass'><i class='material-icons'>check_circle</i></td>
													<td class='timestamp'>1:25:44 PM</td>
													<td class='step-details'><table><tr><td>Verify</td><td>Verify wallet payment is successful </td></tr><tr><td>Actual</td><td>Payment Successful


Proceed</td></tr><tr><td>Expected</td><td>Payment Successful</td></tr></table></td>
												</tr>
												<tr class='log' status='pass'>
													<td class='status pass' title='pass' alt='pass'><i class='material-icons'>check_circle</i></td>
													<td class='timestamp'>1:25:44 PM</td>
													<td class='step-details'><img data-featherlight='./capture/2018.07.24.13.25.44.png' width='10%' src='' data-src='./capture/2018.07.24.13.25.44.png'></td>
												</tr>
										</tbody>
									</table>
								</div>
						</div>
				</li>
	</ul>
					</div>
				</li>
				
				
				<li class='test displayed active has-leaf fail' status='fail' bdd='false' test-id='12'>
					<div class='test-heading'>
						<span class='test-name'>PaymentSuccessfullyDoneThroughMPesa_LB</span>
						<span class='test-time'>Jul 24, 2018 01:25:44 PM</span>
						<span class='test-status right fail'>fail</span>
					</div>
					<div class='test-content hide'>
<div class='test-time-info'>
	<span class='label start-time'>Jul 24, 2018 01:25:44 PM</span>
	<span class='label end-time'>Jul 24, 2018 01:27:13 PM</span>
	<span class='label time-taken grey lighten-1 white-text'>0h 1m 28s+817ms</span>
</div>
	<div class='test-steps'>
		<table class='bordered table-results'>
			<thead>
				<tr>
					<th>Status</th>
					<th>Timestamp</th>
					<th>Details</th>
				</tr>
			</thead>
			<tbody>
				<tr class='log' status='info'>
					<td class='status info' title='info' alt='info'><i class='material-icons'>info_outline</i></td>
					<td class='timestamp'>1:25:44 PM</td>
					<td class='step-details'><span class='label white-text blue'>Setup For Test: PaymentSuccessfullyDoneThroughMPesa_LB</span></td>
				</tr>
			</tbody>
		</table>
	</div>
	<ul class='collapsible node-list' data-collapsible='accordion'>
		
				<li class='node level-1 leaf fail' status='fail' test-id='13'>
					<div class='collapsible-header'>
						<div class='node-name'>PAYPLUS-673-Consumer-09</div>						
						<span class='node-time'>Jul 24, 2018 01:25:44 PM</span>
						<span class='node-duration'>0h 1m 28s+817ms</span>
						<span class='test-status right fail'>fail</span>
					</div>
						<div class='collapsible-body'>
									<div class='node-desc'>PaymentSuccessfullyDoneThroughMPesa</div>
								<div class='node-steps'>
									<table class='bordered table-results'>
										<thead>
											<tr>
												<th>Status</th>
												<th>Timestamp</th>
												<th>Details</th>
											</tr>
										</thead>
										<tbody>
												<tr class='log' status='info'>
													<td class='status info' title='info' alt='info'><i class='material-icons'>info_outline</i></td>
													<td class='timestamp'>1:25:44 PM</td>
													<td class='step-details'><span class='label white-text teal'>validLogin:Demo</span></td>
												</tr>
												<tr class='log' status='info'>
													<td class='status info' title='info' alt='info'><i class='material-icons'>info_outline</i></td>
													<td class='timestamp'>1:25:45 PM</td>
													<td class='step-details'>set userName's text as 'Demo'</td>
												</tr>
												<tr class='log' status='info'>
													<td class='status info' title='info' alt='info'><i class='material-icons'>info_outline</i></td>
													<td class='timestamp'>1:25:45 PM</td>
													<td class='step-details'>set password's text as 'Com@123'</td>
												</tr>
												<tr class='log' status='info'>
													<td class='status info' title='info' alt='info'><i class='material-icons'>info_outline</i></td>
													<td class='timestamp'>1:25:46 PM</td>
													<td class='step-details'>Click on login_button</td>
												</tr>
												<tr class='log' status='info'>
													<td class='status info' title='info' alt='info'><i class='material-icons'>info_outline</i></td>
													<td class='timestamp'>1:25:46 PM</td>
													<td class='step-details'><span class='label white-text teal'>AddToCart</span></td>
												</tr>
												<tr class='log' status='info'>
													<td class='status info' title='info' alt='info'><i class='material-icons'>info_outline</i></td>
													<td class='timestamp'>1:25:46 PM</td>
													<td class='step-details'>Click on Click_Cart_button</td>
												</tr>
												<tr class='log' status='info'>
													<td class='status info' title='info' alt='info'><i class='material-icons'>info_outline</i></td>
													<td class='timestamp'>1:25:46 PM</td>
													<td class='step-details'>Click on Prooceed_to_payment</td>
												</tr>
												<tr class='log' status='info'>
													<td class='status info' title='info' alt='info'><i class='material-icons'>info_outline</i></td>
													<td class='timestamp'>1:25:46 PM</td>
													<td class='step-details'>Click on payment_page</td>
												</tr>
												<tr class='log' status='info'>
													<td class='status info' title='info' alt='info'><i class='material-icons'>info_outline</i></td>
													<td class='timestamp'>1:25:46 PM</td>
													<td class='step-details'><span class='label white-text teal'>Login to lightbox :</span></td>
												</tr>
												<tr class='log' status='info'>
													<td class='status info' title='info' alt='info'><i class='material-icons'>info_outline</i></td>
													<td class='timestamp'>1:25:47 PM</td>
													<td class='step-details'>set Login Mobile Number's text as '9876543210'</td>
												</tr>
												<tr class='log' status='info'>
													<td class='status info' title='info' alt='info'><i class='material-icons'>info_outline</i></td>
													<td class='timestamp'>1:25:47 PM</td>
													<td class='step-details'>set Login Email-ID's text as 'demo@mail.com'</td>
												</tr>
												<tr class='log' status='info'>
													<td class='status info' title='info' alt='info'><i class='material-icons'>info_outline</i></td>
													<td class='timestamp'>1:25:48 PM</td>
													<td class='step-details'>Click on credit Or Debit Link</td>
												</tr>
												<tr class='log' status='info'>
													<td class='status info' title='info' alt='info'><i class='material-icons'>info_outline</i></td>
													<td class='timestamp'>1:25:48 PM</td>
													<td class='step-details'>set getting opt from DB's text as '419907'</td>
												</tr>
												<tr class='log' status='info'>
													<td class='status info' title='info' alt='info'><i class='material-icons'>info_outline</i></td>
													<td class='timestamp'>1:25:48 PM</td>
													<td class='step-details'>Click on Login Button</td>
												</tr>
												<tr class='log' status='info'>
													<td class='status info' title='info' alt='info'><i class='material-icons'>info_outline</i></td>
													<td class='timestamp'>1:25:48 PM</td>
													<td class='step-details'><span class='label white-text teal'>initiateWalletPayment:</span></td>
												</tr>
												<tr class='log' status='warning'>
													<td class='status warning' title='warning' alt='warning'><i class='material-icons'>warning</i></td>
													<td class='timestamp'>1:25:57 PM</td>
													<td class='step-details'>Exception Occured: Expected condition failed: waiting for element to be clickable: [[ChromeDriver: chrome on XP (94bb7fe60de45376006a87fcdcba6593)] -> xpath: //a[contains(@href,'#cardType2')]] (tried for 8 second(s) with 500 MILLISECONDS interval)
Build info: version: '3.4.0', revision: 'unknown', time: 'unknown'
System info: host: 'MCKL-03210', ip: '172.19.4.118', os.name: 'Windows 10', os.arch: 'amd64', os.version: '10.0', java.version: '1.8.0_144'
Driver info: org.openqa.selenium.chrome.ChromeDriver
Capabilities [{applicationCacheEnabled=false, rotatable=false, mobileEmulationEnabled=false, networkConnectionEnabled=false, chrome={chromedriverVersion=2.37.544315 (730aa6a5fdba159ac9f4c1e8cbc59bf1b5ce12b7), userDataDir=C:\Users\karthik.m\AppData\Local\Temp\scoped_dir14468_16516}, takesHeapSnapshot=true, pageLoadStrategy=normal, databaseEnabled=false, handlesAlerts=true, hasTouchScreen=false, version=67.0.3396.99, platform=XP, browserConnectionEnabled=false, nativeEvents=true, acceptSslCerts=false, acceptInsecureCerts=false, locationContextEnabled=true, webStorageEnabled=true, browserName=chrome, takesScreenshot=true, javascriptEnabled=true, cssSelectorsEnabled=true, setWindowRect=true, unexpectedAlertBehaviour=}]
Session ID: 94bb7fe60de45376006a87fcdcba6593</td>
												</tr>
												<tr class='log' status='info'>
													<td class='status info' title='info' alt='info'><i class='material-icons'>info_outline</i></td>
													<td class='timestamp'>1:25:57 PM</td>
													<td class='step-details'>Retry Clicking</td>
												</tr>
												<tr class='log' status='fail'>
													<td class='status fail' title='fail' alt='fail'><i class='material-icons'>cancel</i></td>
													<td class='timestamp'>1:26:05 PM</td>
													<td class='step-details'>Failed to Click on Click On Wallet Button</td>
												</tr>
												<tr class='log' status='error'>
													<td class='status error' title='error' alt='error'><i class='material-icons'>error</i></td>
													<td class='timestamp'>1:26:05 PM</td>
													<td class='step-details'>org.openqa.selenium.TimeoutException: Expected condition failed: waiting for element to be clickable: [[ChromeDriver: chrome on XP (94bb7fe60de45376006a87fcdcba6593)] -> xpath: //a[contains(@href,'#cardType2')]] (tried for 8 second(s) with 500 MILLISECONDS interval)
Build info: version: '3.4.0', revision: 'unknown', time: 'unknown'
System info: host: 'MCKL-03210', ip: '172.19.4.118', os.name: 'Windows 10', os.arch: 'amd64', os.version: '10.0', java.version: '1.8.0_144'
Driver info: org.openqa.selenium.chrome.ChromeDriver
Capabilities [{applicationCacheEnabled=false, rotatable=false, mobileEmulationEnabled=false, networkConnectionEnabled=false, chrome={chromedriverVersion=2.37.544315 (730aa6a5fdba159ac9f4c1e8cbc59bf1b5ce12b7), userDataDir=C:\Users\karthik.m\AppData\Local\Temp\scoped_dir14468_16516}, takesHeapSnapshot=true, pageLoadStrategy=normal, databaseEnabled=false, handlesAlerts=true, hasTouchScreen=false, version=67.0.3396.99, platform=XP, browserConnectionEnabled=false, nativeEvents=true, acceptSslCerts=false, acceptInsecureCerts=false, locationContextEnabled=true, webStorageEnabled=true, browserName=chrome, takesScreenshot=true, javascriptEnabled=true, cssSelectorsEnabled=true, setWindowRect=true, unexpectedAlertBehaviour=}]
Session ID: 94bb7fe60de45376006a87fcdcba6593</td>
												</tr>
												<tr class='log' status='fail'>
													<td class='status fail' title='fail' alt='fail'><i class='material-icons'>cancel</i></td>
													<td class='timestamp'>1:26:05 PM</td>
													<td class='step-details'><textarea>org.openqa.selenium.TimeoutException: Expected condition failed: waiting for element to be clickable: [[ChromeDriver: chrome on XP (94bb7fe60de45376006a87fcdcba6593)] -> xpath: //a[contains(@href,'#cardType2')]] (tried for 8 second(s) with 500 MILLISECONDS interval)
Build info: version: '3.4.0', revision: 'unknown', time: 'unknown'
System info: host: 'MCKL-03210', ip: '172.19.4.118', os.name: 'Windows 10', os.arch: 'amd64', os.version: '10.0', java.version: '1.8.0_144'
Driver info: org.openqa.selenium.chrome.ChromeDriver
Capabilities [{applicationCacheEnabled=false, rotatable=false, mobileEmulationEnabled=false, networkConnectionEnabled=false, chrome={chromedriverVersion=2.37.544315 (730aa6a5fdba159ac9f4c1e8cbc59bf1b5ce12b7), userDataDir=C:\Users\karthik.m\AppData\Local\Temp\scoped_dir14468_16516}, takesHeapSnapshot=true, pageLoadStrategy=normal, databaseEnabled=false, handlesAlerts=true, hasTouchScreen=false, version=67.0.3396.99, platform=XP, browserConnectionEnabled=false, nativeEvents=true, acceptSslCerts=false, acceptInsecureCerts=false, locationContextEnabled=true, webStorageEnabled=true, browserName=chrome, takesScreenshot=true, javascriptEnabled=true, cssSelectorsEnabled=true, setWindowRect=true, unexpectedAlertBehaviour=}]
Session ID: 94bb7fe60de45376006a87fcdcba6593
	at org.openqa.selenium.support.ui.WebDriverWait.timeoutException(WebDriverWait.java:80)
	at org.openqa.selenium.support.ui.FluentWait.until(FluentWait.java:232)
	at framework.pageObjects.PageInit.clickOnElement(PageInit.java:209)
	at framework.pageObjects.LightBox.Wallet.WalletInfo_pg.clickOnWallet(WalletInfo_pg.java:71)
	at framework.features.LightBoxManagement.initiateWalletPayment(LightBoxManagement.java:124)
	at tests.LightBox.Wallet.M_Pesa.PaymentSuccessfullyDoneThroughMPesa_LB.paymentSuccessfully(PaymentSuccessfullyDoneThroughMPesa_LB.java:38)
	at sun.reflect.NativeMethodAccessorImpl.invoke0(Native Method)
	at sun.reflect.NativeMethodAccessorImpl.invoke(NativeMethodAccessorImpl.java:62)
	at sun.reflect.DelegatingMethodAccessorImpl.invoke(DelegatingMethodAccessorImpl.java:43)
	at java.lang.reflect.Method.invoke(Method.java:498)
	at org.testng.internal.MethodInvocationHelper.invokeMethod(MethodInvocationHelper.java:85)
	at org.testng.internal.Invoker.invokeMethod(Invoker.java:639)
	at org.testng.internal.Invoker.invokeTestMethod(Invoker.java:816)
	at org.testng.internal.Invoker.invokeTestMethods(Invoker.java:1124)
	at org.testng.internal.TestMethodWorker.invokeTestMethods(TestMethodWorker.java:125)
	at org.testng.internal.TestMethodWorker.run(TestMethodWorker.java:108)
	at org.testng.TestRunner.privateRun(TestRunner.java:774)
	at org.testng.TestRunner.run(TestRunner.java:624)
	at org.testng.SuiteRunner.runTest(SuiteRunner.java:359)
	at org.testng.SuiteRunner.runSequentially(SuiteRunner.java:354)
	at org.testng.SuiteRunner.privateRun(SuiteRunner.java:312)
	at org.testng.SuiteRunner.run(SuiteRunner.java:261)
	at org.testng.SuiteRunnerWorker.runSuite(SuiteRunnerWorker.java:52)
	at org.testng.SuiteRunnerWorker.run(SuiteRunnerWorker.java:86)
	at org.testng.TestNG.runSuitesSequentially(TestNG.java:1215)
	at org.testng.TestNG.runSuitesLocally(TestNG.java:1140)
	at org.testng.TestNG.run(TestNG.java:1048)
	at org.testng.IDEARemoteTestNG.run(IDEARemoteTestNG.java:72)
	at org.testng.RemoteTestNGStarter.main(RemoteTestNGStarter.java:127)
</textarea></td>
												</tr>
												<tr class='log' status='error'>
													<td class='status error' title='error' alt='error'><i class='material-icons'>error</i></td>
													<td class='timestamp'>1:26:06 PM</td>
													<td class='step-details'><img data-featherlight='./capture/2018.07.24.13.26.05.png' width='10%' src='' data-src='./capture/2018.07.24.13.26.05.png'></td>
												</tr>
												<tr class='log' status='warning'>
													<td class='status warning' title='warning' alt='warning'><i class='material-icons'>warning</i></td>
													<td class='timestamp'>1:26:14 PM</td>
													<td class='step-details'>Exception Occured: Expected condition failed: waiting for element to be clickable: [[ChromeDriver: chrome on XP (94bb7fe60de45376006a87fcdcba6593)] -> id: m-pesa] (tried for 8 second(s) with 500 MILLISECONDS interval)
Build info: version: '3.4.0', revision: 'unknown', time: 'unknown'
System info: host: 'MCKL-03210', ip: '172.19.4.118', os.name: 'Windows 10', os.arch: 'amd64', os.version: '10.0', java.version: '1.8.0_144'
Driver info: org.openqa.selenium.chrome.ChromeDriver
Capabilities [{applicationCacheEnabled=false, rotatable=false, mobileEmulationEnabled=false, networkConnectionEnabled=false, chrome={chromedriverVersion=2.37.544315 (730aa6a5fdba159ac9f4c1e8cbc59bf1b5ce12b7), userDataDir=C:\Users\karthik.m\AppData\Local\Temp\scoped_dir14468_16516}, takesHeapSnapshot=true, pageLoadStrategy=normal, databaseEnabled=false, handlesAlerts=true, hasTouchScreen=false, version=67.0.3396.99, platform=XP, browserConnectionEnabled=false, nativeEvents=true, acceptSslCerts=false, acceptInsecureCerts=false, locationContextEnabled=true, webStorageEnabled=true, browserName=chrome, takesScreenshot=true, javascriptEnabled=true, cssSelectorsEnabled=true, setWindowRect=true, unexpectedAlertBehaviour=}]
Session ID: 94bb7fe60de45376006a87fcdcba6593</td>
												</tr>
												<tr class='log' status='info'>
													<td class='status info' title='info' alt='info'><i class='material-icons'>info_outline</i></td>
													<td class='timestamp'>1:26:14 PM</td>
													<td class='step-details'>Retry Clicking</td>
												</tr>
												<tr class='log' status='fail'>
													<td class='status fail' title='fail' alt='fail'><i class='material-icons'>cancel</i></td>
													<td class='timestamp'>1:26:23 PM</td>
													<td class='step-details'>Failed to Click on Click On M-Pesa Radio Button</td>
												</tr>
												<tr class='log' status='error'>
													<td class='status error' title='error' alt='error'><i class='material-icons'>error</i></td>
													<td class='timestamp'>1:26:23 PM</td>
													<td class='step-details'>org.openqa.selenium.TimeoutException: Expected condition failed: waiting for element to be clickable: [[ChromeDriver: chrome on XP (94bb7fe60de45376006a87fcdcba6593)] -> id: m-pesa] (tried for 8 second(s) with 500 MILLISECONDS interval)
Build info: version: '3.4.0', revision: 'unknown', time: 'unknown'
System info: host: 'MCKL-03210', ip: '172.19.4.118', os.name: 'Windows 10', os.arch: 'amd64', os.version: '10.0', java.version: '1.8.0_144'
Driver info: org.openqa.selenium.chrome.ChromeDriver
Capabilities [{applicationCacheEnabled=false, rotatable=false, mobileEmulationEnabled=false, networkConnectionEnabled=false, chrome={chromedriverVersion=2.37.544315 (730aa6a5fdba159ac9f4c1e8cbc59bf1b5ce12b7), userDataDir=C:\Users\karthik.m\AppData\Local\Temp\scoped_dir14468_16516}, takesHeapSnapshot=true, pageLoadStrategy=normal, databaseEnabled=false, handlesAlerts=true, hasTouchScreen=false, version=67.0.3396.99, platform=XP, browserConnectionEnabled=false, nativeEvents=true, acceptSslCerts=false, acceptInsecureCerts=false, locationContextEnabled=true, webStorageEnabled=true, browserName=chrome, takesScreenshot=true, javascriptEnabled=true, cssSelectorsEnabled=true, setWindowRect=true, unexpectedAlertBehaviour=}]
Session ID: 94bb7fe60de45376006a87fcdcba6593</td>
												</tr>
												<tr class='log' status='fail'>
													<td class='status fail' title='fail' alt='fail'><i class='material-icons'>cancel</i></td>
													<td class='timestamp'>1:26:23 PM</td>
													<td class='step-details'><textarea>org.openqa.selenium.TimeoutException: Expected condition failed: waiting for element to be clickable: [[ChromeDriver: chrome on XP (94bb7fe60de45376006a87fcdcba6593)] -> id: m-pesa] (tried for 8 second(s) with 500 MILLISECONDS interval)
Build info: version: '3.4.0', revision: 'unknown', time: 'unknown'
System info: host: 'MCKL-03210', ip: '172.19.4.118', os.name: 'Windows 10', os.arch: 'amd64', os.version: '10.0', java.version: '1.8.0_144'
Driver info: org.openqa.selenium.chrome.ChromeDriver
Capabilities [{applicationCacheEnabled=false, rotatable=false, mobileEmulationEnabled=false, networkConnectionEnabled=false, chrome={chromedriverVersion=2.37.544315 (730aa6a5fdba159ac9f4c1e8cbc59bf1b5ce12b7), userDataDir=C:\Users\karthik.m\AppData\Local\Temp\scoped_dir14468_16516}, takesHeapSnapshot=true, pageLoadStrategy=normal, databaseEnabled=false, handlesAlerts=true, hasTouchScreen=false, version=67.0.3396.99, platform=XP, browserConnectionEnabled=false, nativeEvents=true, acceptSslCerts=false, acceptInsecureCerts=false, locationContextEnabled=true, webStorageEnabled=true, browserName=chrome, takesScreenshot=true, javascriptEnabled=true, cssSelectorsEnabled=true, setWindowRect=true, unexpectedAlertBehaviour=}]
Session ID: 94bb7fe60de45376006a87fcdcba6593
	at org.openqa.selenium.support.ui.WebDriverWait.timeoutException(WebDriverWait.java:80)
	at org.openqa.selenium.support.ui.FluentWait.until(FluentWait.java:232)
	at framework.pageObjects.PageInit.clickOnElement(PageInit.java:209)
	at framework.pageObjects.LightBox.Wallet.WalletInfo_pg.selectWallet(WalletInfo_pg.java:99)
	at framework.features.LightBoxManagement.initiateWalletPayment(LightBoxManagement.java:125)
	at tests.LightBox.Wallet.M_Pesa.PaymentSuccessfullyDoneThroughMPesa_LB.paymentSuccessfully(PaymentSuccessfullyDoneThroughMPesa_LB.java:38)
	at sun.reflect.NativeMethodAccessorImpl.invoke0(Native Method)
	at sun.reflect.NativeMethodAccessorImpl.invoke(NativeMethodAccessorImpl.java:62)
	at sun.reflect.DelegatingMethodAccessorImpl.invoke(DelegatingMethodAccessorImpl.java:43)
	at java.lang.reflect.Method.invoke(Method.java:498)
	at org.testng.internal.MethodInvocationHelper.invokeMethod(MethodInvocationHelper.java:85)
	at org.testng.internal.Invoker.invokeMethod(Invoker.java:639)
	at org.testng.internal.Invoker.invokeTestMethod(Invoker.java:816)
	at org.testng.internal.Invoker.invokeTestMethods(Invoker.java:1124)
	at org.testng.internal.TestMethodWorker.invokeTestMethods(TestMethodWorker.java:125)
	at org.testng.internal.TestMethodWorker.run(TestMethodWorker.java:108)
	at org.testng.TestRunner.privateRun(TestRunner.java:774)
	at org.testng.TestRunner.run(TestRunner.java:624)
	at org.testng.SuiteRunner.runTest(SuiteRunner.java:359)
	at org.testng.SuiteRunner.runSequentially(SuiteRunner.java:354)
	at org.testng.SuiteRunner.privateRun(SuiteRunner.java:312)
	at org.testng.SuiteRunner.run(SuiteRunner.java:261)
	at org.testng.SuiteRunnerWorker.runSuite(SuiteRunnerWorker.java:52)
	at org.testng.SuiteRunnerWorker.run(SuiteRunnerWorker.java:86)
	at org.testng.TestNG.runSuitesSequentially(TestNG.java:1215)
	at org.testng.TestNG.runSuitesLocally(TestNG.java:1140)
	at org.testng.TestNG.run(TestNG.java:1048)
	at org.testng.IDEARemoteTestNG.run(IDEARemoteTestNG.java:72)
	at org.testng.RemoteTestNGStarter.main(RemoteTestNGStarter.java:127)
</textarea></td>
												</tr>
												<tr class='log' status='error'>
													<td class='status error' title='error' alt='error'><i class='material-icons'>error</i></td>
													<td class='timestamp'>1:26:23 PM</td>
													<td class='step-details'><img data-featherlight='./capture/2018.07.24.13.26.23.png' width='10%' src='' data-src='./capture/2018.07.24.13.26.23.png'></td>
												</tr>
												<tr class='log' status='info'>
													<td class='status info' title='info' alt='info'><i class='material-icons'>info_outline</i></td>
													<td class='timestamp'>1:26:23 PM</td>
													<td class='step-details'>Click on Click On Pay Now Botton</td>
												</tr>
												<tr class='log' status='warning'>
													<td class='status warning' title='warning' alt='warning'><i class='material-icons'>warning</i></td>
													<td class='timestamp'>1:26:31 PM</td>
													<td class='step-details'>Exception Occurred: Expected condition failed: waiting for element to be clickable: [[ChromeDriver: chrome on XP (94bb7fe60de45376006a87fcdcba6593)] -> id: mobileNumberMP] (tried for 8 second(s) with 500 MILLISECONDS interval)
Build info: version: '3.4.0', revision: 'unknown', time: 'unknown'
System info: host: 'MCKL-03210', ip: '172.19.4.118', os.name: 'Windows 10', os.arch: 'amd64', os.version: '10.0', java.version: '1.8.0_144'
Driver info: org.openqa.selenium.chrome.ChromeDriver
Capabilities [{applicationCacheEnabled=false, rotatable=false, mobileEmulationEnabled=false, networkConnectionEnabled=false, chrome={chromedriverVersion=2.37.544315 (730aa6a5fdba159ac9f4c1e8cbc59bf1b5ce12b7), userDataDir=C:\Users\karthik.m\AppData\Local\Temp\scoped_dir14468_16516}, takesHeapSnapshot=true, pageLoadStrategy=normal, databaseEnabled=false, handlesAlerts=true, hasTouchScreen=false, version=67.0.3396.99, platform=XP, browserConnectionEnabled=false, nativeEvents=true, acceptSslCerts=false, acceptInsecureCerts=false, locationContextEnabled=true, webStorageEnabled=true, browserName=chrome, takesScreenshot=true, javascriptEnabled=true, cssSelectorsEnabled=true, setWindowRect=true, unexpectedAlertBehaviour=}]
Session ID: 94bb7fe60de45376006a87fcdcba6593</td>
												</tr>
												<tr class='log' status='info'>
													<td class='status info' title='info' alt='info'><i class='material-icons'>info_outline</i></td>
													<td class='timestamp'>1:26:31 PM</td>
													<td class='step-details'>Retry Set Text</td>
												</tr>
												<tr class='log' status='fail'>
													<td class='status fail' title='fail' alt='fail'><i class='material-icons'>cancel</i></td>
													<td class='timestamp'>1:26:39 PM</td>
													<td class='step-details'>Failed to set 9126004300 to Enter Mobile Number</td>
												</tr>
												<tr class='log' status='error'>
													<td class='status error' title='error' alt='error'><i class='material-icons'>error</i></td>
													<td class='timestamp'>1:26:39 PM</td>
													<td class='step-details'>org.openqa.selenium.TimeoutException: Expected condition failed: waiting for element to be clickable: [[ChromeDriver: chrome on XP (94bb7fe60de45376006a87fcdcba6593)] -> id: mobileNumberMP] (tried for 8 second(s) with 500 MILLISECONDS interval)
Build info: version: '3.4.0', revision: 'unknown', time: 'unknown'
System info: host: 'MCKL-03210', ip: '172.19.4.118', os.name: 'Windows 10', os.arch: 'amd64', os.version: '10.0', java.version: '1.8.0_144'
Driver info: org.openqa.selenium.chrome.ChromeDriver
Capabilities [{applicationCacheEnabled=false, rotatable=false, mobileEmulationEnabled=false, networkConnectionEnabled=false, chrome={chromedriverVersion=2.37.544315 (730aa6a5fdba159ac9f4c1e8cbc59bf1b5ce12b7), userDataDir=C:\Users\karthik.m\AppData\Local\Temp\scoped_dir14468_16516}, takesHeapSnapshot=true, pageLoadStrategy=normal, databaseEnabled=false, handlesAlerts=true, hasTouchScreen=false, version=67.0.3396.99, platform=XP, browserConnectionEnabled=false, nativeEvents=true, acceptSslCerts=false, acceptInsecureCerts=false, locationContextEnabled=true, webStorageEnabled=true, browserName=chrome, takesScreenshot=true, javascriptEnabled=true, cssSelectorsEnabled=true, setWindowRect=true, unexpectedAlertBehaviour=}]
Session ID: 94bb7fe60de45376006a87fcdcba6593</td>
												</tr>
												<tr class='log' status='fail'>
													<td class='status fail' title='fail' alt='fail'><i class='material-icons'>cancel</i></td>
													<td class='timestamp'>1:26:39 PM</td>
													<td class='step-details'><textarea>org.openqa.selenium.TimeoutException: Expected condition failed: waiting for element to be clickable: [[ChromeDriver: chrome on XP (94bb7fe60de45376006a87fcdcba6593)] -> id: mobileNumberMP] (tried for 8 second(s) with 500 MILLISECONDS interval)
Build info: version: '3.4.0', revision: 'unknown', time: 'unknown'
System info: host: 'MCKL-03210', ip: '172.19.4.118', os.name: 'Windows 10', os.arch: 'amd64', os.version: '10.0', java.version: '1.8.0_144'
Driver info: org.openqa.selenium.chrome.ChromeDriver
Capabilities [{applicationCacheEnabled=false, rotatable=false, mobileEmulationEnabled=false, networkConnectionEnabled=false, chrome={chromedriverVersion=2.37.544315 (730aa6a5fdba159ac9f4c1e8cbc59bf1b5ce12b7), userDataDir=C:\Users\karthik.m\AppData\Local\Temp\scoped_dir14468_16516}, takesHeapSnapshot=true, pageLoadStrategy=normal, databaseEnabled=false, handlesAlerts=true, hasTouchScreen=false, version=67.0.3396.99, platform=XP, browserConnectionEnabled=false, nativeEvents=true, acceptSslCerts=false, acceptInsecureCerts=false, locationContextEnabled=true, webStorageEnabled=true, browserName=chrome, takesScreenshot=true, javascriptEnabled=true, cssSelectorsEnabled=true, setWindowRect=true, unexpectedAlertBehaviour=}]
Session ID: 94bb7fe60de45376006a87fcdcba6593
	at org.openqa.selenium.support.ui.WebDriverWait.timeoutException(WebDriverWait.java:80)
	at org.openqa.selenium.support.ui.FluentWait.until(FluentWait.java:232)
	at framework.pageObjects.PageInit.setText(PageInit.java:55)
	at framework.pageObjects.LightBox.Wallet.WalletInfo_pg.enterMobNumMP(WalletInfo_pg.java:118)
	at framework.features.LightBoxManagement.initiateWalletPayment(LightBoxManagement.java:130)
	at tests.LightBox.Wallet.M_Pesa.PaymentSuccessfullyDoneThroughMPesa_LB.paymentSuccessfully(PaymentSuccessfullyDoneThroughMPesa_LB.java:38)
	at sun.reflect.NativeMethodAccessorImpl.invoke0(Native Method)
	at sun.reflect.NativeMethodAccessorImpl.invoke(NativeMethodAccessorImpl.java:62)
	at sun.reflect.DelegatingMethodAccessorImpl.invoke(DelegatingMethodAccessorImpl.java:43)
	at java.lang.reflect.Method.invoke(Method.java:498)
	at org.testng.internal.MethodInvocationHelper.invokeMethod(MethodInvocationHelper.java:85)
	at org.testng.internal.Invoker.invokeMethod(Invoker.java:639)
	at org.testng.internal.Invoker.invokeTestMethod(Invoker.java:816)
	at org.testng.internal.Invoker.invokeTestMethods(Invoker.java:1124)
	at org.testng.internal.TestMethodWorker.invokeTestMethods(TestMethodWorker.java:125)
	at org.testng.internal.TestMethodWorker.run(TestMethodWorker.java:108)
	at org.testng.TestRunner.privateRun(TestRunner.java:774)
	at org.testng.TestRunner.run(TestRunner.java:624)
	at org.testng.SuiteRunner.runTest(SuiteRunner.java:359)
	at org.testng.SuiteRunner.runSequentially(SuiteRunner.java:354)
	at org.testng.SuiteRunner.privateRun(SuiteRunner.java:312)
	at org.testng.SuiteRunner.run(SuiteRunner.java:261)
	at org.testng.SuiteRunnerWorker.runSuite(SuiteRunnerWorker.java:52)
	at org.testng.SuiteRunnerWorker.run(SuiteRunnerWorker.java:86)
	at org.testng.TestNG.runSuitesSequentially(TestNG.java:1215)
	at org.testng.TestNG.runSuitesLocally(TestNG.java:1140)
	at org.testng.TestNG.run(TestNG.java:1048)
	at org.testng.IDEARemoteTestNG.run(IDEARemoteTestNG.java:72)
	at org.testng.RemoteTestNGStarter.main(RemoteTestNGStarter.java:127)
</textarea></td>
												</tr>
												<tr class='log' status='error'>
													<td class='status error' title='error' alt='error'><i class='material-icons'>error</i></td>
													<td class='timestamp'>1:26:40 PM</td>
													<td class='step-details'><img data-featherlight='./capture/2018.07.24.13.26.39.png' width='10%' src='' data-src='./capture/2018.07.24.13.26.39.png'></td>
												</tr>
												<tr class='log' status='warning'>
													<td class='status warning' title='warning' alt='warning'><i class='material-icons'>warning</i></td>
													<td class='timestamp'>1:26:48 PM</td>
													<td class='step-details'>Exception Occured: Expected condition failed: waiting for element to be clickable: [[ChromeDriver: chrome on XP (94bb7fe60de45376006a87fcdcba6593)] -> id: generateID] (tried for 8 second(s) with 500 MILLISECONDS interval)
Build info: version: '3.4.0', revision: 'unknown', time: 'unknown'
System info: host: 'MCKL-03210', ip: '172.19.4.118', os.name: 'Windows 10', os.arch: 'amd64', os.version: '10.0', java.version: '1.8.0_144'
Driver info: org.openqa.selenium.chrome.ChromeDriver
Capabilities [{applicationCacheEnabled=false, rotatable=false, mobileEmulationEnabled=false, networkConnectionEnabled=false, chrome={chromedriverVersion=2.37.544315 (730aa6a5fdba159ac9f4c1e8cbc59bf1b5ce12b7), userDataDir=C:\Users\karthik.m\AppData\Local\Temp\scoped_dir14468_16516}, takesHeapSnapshot=true, pageLoadStrategy=normal, databaseEnabled=false, handlesAlerts=true, hasTouchScreen=false, version=67.0.3396.99, platform=XP, browserConnectionEnabled=false, nativeEvents=true, acceptSslCerts=false, acceptInsecureCerts=false, locationContextEnabled=true, webStorageEnabled=true, browserName=chrome, takesScreenshot=true, javascriptEnabled=true, cssSelectorsEnabled=true, setWindowRect=true, unexpectedAlertBehaviour=}]
Session ID: 94bb7fe60de45376006a87fcdcba6593</td>
												</tr>
												<tr class='log' status='info'>
													<td class='status info' title='info' alt='info'><i class='material-icons'>info_outline</i></td>
													<td class='timestamp'>1:26:48 PM</td>
													<td class='step-details'>Retry Clicking</td>
												</tr>
												<tr class='log' status='fail'>
													<td class='status fail' title='fail' alt='fail'><i class='material-icons'>cancel</i></td>
													<td class='timestamp'>1:26:57 PM</td>
													<td class='step-details'>Failed to Click on Click On Generate ID</td>
												</tr>
												<tr class='log' status='error'>
													<td class='status error' title='error' alt='error'><i class='material-icons'>error</i></td>
													<td class='timestamp'>1:26:57 PM</td>
													<td class='step-details'>org.openqa.selenium.TimeoutException: Expected condition failed: waiting for element to be clickable: [[ChromeDriver: chrome on XP (94bb7fe60de45376006a87fcdcba6593)] -> id: generateID] (tried for 8 second(s) with 500 MILLISECONDS interval)
Build info: version: '3.4.0', revision: 'unknown', time: 'unknown'
System info: host: 'MCKL-03210', ip: '172.19.4.118', os.name: 'Windows 10', os.arch: 'amd64', os.version: '10.0', java.version: '1.8.0_144'
Driver info: org.openqa.selenium.chrome.ChromeDriver
Capabilities [{applicationCacheEnabled=false, rotatable=false, mobileEmulationEnabled=false, networkConnectionEnabled=false, chrome={chromedriverVersion=2.37.544315 (730aa6a5fdba159ac9f4c1e8cbc59bf1b5ce12b7), userDataDir=C:\Users\karthik.m\AppData\Local\Temp\scoped_dir14468_16516}, takesHeapSnapshot=true, pageLoadStrategy=normal, databaseEnabled=false, handlesAlerts=true, hasTouchScreen=false, version=67.0.3396.99, platform=XP, browserConnectionEnabled=false, nativeEvents=true, acceptSslCerts=false, acceptInsecureCerts=false, locationContextEnabled=true, webStorageEnabled=true, browserName=chrome, takesScreenshot=true, javascriptEnabled=true, cssSelectorsEnabled=true, setWindowRect=true, unexpectedAlertBehaviour=}]
Session ID: 94bb7fe60de45376006a87fcdcba6593</td>
												</tr>
												<tr class='log' status='fail'>
													<td class='status fail' title='fail' alt='fail'><i class='material-icons'>cancel</i></td>
													<td class='timestamp'>1:26:57 PM</td>
													<td class='step-details'><textarea>org.openqa.selenium.TimeoutException: Expected condition failed: waiting for element to be clickable: [[ChromeDriver: chrome on XP (94bb7fe60de45376006a87fcdcba6593)] -> id: generateID] (tried for 8 second(s) with 500 MILLISECONDS interval)
Build info: version: '3.4.0', revision: 'unknown', time: 'unknown'
System info: host: 'MCKL-03210', ip: '172.19.4.118', os.name: 'Windows 10', os.arch: 'amd64', os.version: '10.0', java.version: '1.8.0_144'
Driver info: org.openqa.selenium.chrome.ChromeDriver
Capabilities [{applicationCacheEnabled=false, rotatable=false, mobileEmulationEnabled=false, networkConnectionEnabled=false, chrome={chromedriverVersion=2.37.544315 (730aa6a5fdba159ac9f4c1e8cbc59bf1b5ce12b7), userDataDir=C:\Users\karthik.m\AppData\Local\Temp\scoped_dir14468_16516}, takesHeapSnapshot=true, pageLoadStrategy=normal, databaseEnabled=false, handlesAlerts=true, hasTouchScreen=false, version=67.0.3396.99, platform=XP, browserConnectionEnabled=false, nativeEvents=true, acceptSslCerts=false, acceptInsecureCerts=false, locationContextEnabled=true, webStorageEnabled=true, browserName=chrome, takesScreenshot=true, javascriptEnabled=true, cssSelectorsEnabled=true, setWindowRect=true, unexpectedAlertBehaviour=}]
Session ID: 94bb7fe60de45376006a87fcdcba6593
	at org.openqa.selenium.support.ui.WebDriverWait.timeoutException(WebDriverWait.java:80)
	at org.openqa.selenium.support.ui.FluentWait.until(FluentWait.java:232)
	at framework.pageObjects.PageInit.clickOnElement(PageInit.java:209)
	at framework.pageObjects.LightBox.Wallet.WalletInfo_pg.clickOnGenerateID(WalletInfo_pg.java:123)
	at framework.features.LightBoxManagement.initiateWalletPayment(LightBoxManagement.java:131)
	at tests.LightBox.Wallet.M_Pesa.PaymentSuccessfullyDoneThroughMPesa_LB.paymentSuccessfully(PaymentSuccessfullyDoneThroughMPesa_LB.java:38)
	at sun.reflect.NativeMethodAccessorImpl.invoke0(Native Method)
	at sun.reflect.NativeMethodAccessorImpl.invoke(NativeMethodAccessorImpl.java:62)
	at sun.reflect.DelegatingMethodAccessorImpl.invoke(DelegatingMethodAccessorImpl.java:43)
	at java.lang.reflect.Method.invoke(Method.java:498)
	at org.testng.internal.MethodInvocationHelper.invokeMethod(MethodInvocationHelper.java:85)
	at org.testng.internal.Invoker.invokeMethod(Invoker.java:639)
	at org.testng.internal.Invoker.invokeTestMethod(Invoker.java:816)
	at org.testng.internal.Invoker.invokeTestMethods(Invoker.java:1124)
	at org.testng.internal.TestMethodWorker.invokeTestMethods(TestMethodWorker.java:125)
	at org.testng.internal.TestMethodWorker.run(TestMethodWorker.java:108)
	at org.testng.TestRunner.privateRun(TestRunner.java:774)
	at org.testng.TestRunner.run(TestRunner.java:624)
	at org.testng.SuiteRunner.runTest(SuiteRunner.java:359)
	at org.testng.SuiteRunner.runSequentially(SuiteRunner.java:354)
	at org.testng.SuiteRunner.privateRun(SuiteRunner.java:312)
	at org.testng.SuiteRunner.run(SuiteRunner.java:261)
	at org.testng.SuiteRunnerWorker.runSuite(SuiteRunnerWorker.java:52)
	at org.testng.SuiteRunnerWorker.run(SuiteRunnerWorker.java:86)
	at org.testng.TestNG.runSuitesSequentially(TestNG.java:1215)
	at org.testng.TestNG.runSuitesLocally(TestNG.java:1140)
	at org.testng.TestNG.run(TestNG.java:1048)
	at org.testng.IDEARemoteTestNG.run(IDEARemoteTestNG.java:72)
	at org.testng.RemoteTestNGStarter.main(RemoteTestNGStarter.java:127)
</textarea></td>
												</tr>
												<tr class='log' status='error'>
													<td class='status error' title='error' alt='error'><i class='material-icons'>error</i></td>
													<td class='timestamp'>1:26:57 PM</td>
													<td class='step-details'><img data-featherlight='./capture/2018.07.24.13.26.57.png' width='10%' src='' data-src='./capture/2018.07.24.13.26.57.png'></td>
												</tr>
												<tr class='log' status='fail'>
													<td class='status fail' title='fail' alt='fail'><i class='material-icons'>cancel</i></td>
													<td class='timestamp'>1:27:13 PM</td>
													<td class='step-details'><pre>org.openqa.selenium.TimeoutException: Expected condition failed: waiting for element to be clickable: Proxy element for: DefaultElementLocator 'By.xpath: //h2[contains(text(),'MP')]' (tried for 8 second(s) with 500 MILLISECONDS interval)
	at org.openqa.selenium.support.ui.WebDriverWait.timeoutException(WebDriverWait.java:80)
	at org.openqa.selenium.support.ui.FluentWait.until(FluentWait.java:232)
	at framework.pageObjects.LightBox.Wallet.WalletInfo_pg.getReferenceNum(WalletInfo_pg.java:133)
	at framework.features.LightBoxManagement.initiateWalletPayment(LightBoxManagement.java:140)
	at tests.LightBox.Wallet.M_Pesa.PaymentSuccessfullyDoneThroughMPesa_LB.paymentSuccessfully(PaymentSuccessfullyDoneThroughMPesa_LB.java:38)
	at sun.reflect.NativeMethodAccessorImpl.invoke0(Native Method)
	at sun.reflect.NativeMethodAccessorImpl.invoke(NativeMethodAccessorImpl.java:62)
	at sun.reflect.DelegatingMethodAccessorImpl.invoke(DelegatingMethodAccessorImpl.java:43)
	at java.lang.reflect.Method.invoke(Method.java:498)
	at org.testng.internal.MethodInvocationHelper.invokeMethod(MethodInvocationHelper.java:85)
	at org.testng.internal.Invoker.invokeMethod(Invoker.java:639)
	at org.testng.internal.Invoker.invokeTestMethod(Invoker.java:816)
	at org.testng.internal.Invoker.invokeTestMethods(Invoker.java:1124)
	at org.testng.internal.TestMethodWorker.invokeTestMethods(TestMethodWorker.java:125)
	at org.testng.internal.TestMethodWorker.run(TestMethodWorker.java:108)
	at org.testng.TestRunner.privateRun(TestRunner.java:774)
	at org.testng.TestRunner.run(TestRunner.java:624)
	at org.testng.SuiteRunner.runTest(SuiteRunner.java:359)
	at org.testng.SuiteRunner.runSequentially(SuiteRunner.java:354)
	at org.testng.SuiteRunner.privateRun(SuiteRunner.java:312)
	at org.testng.SuiteRunner.run(SuiteRunner.java:261)
	at org.testng.SuiteRunnerWorker.runSuite(SuiteRunnerWorker.java:52)
	at org.testng.SuiteRunnerWorker.run(SuiteRunnerWorker.java:86)
	at org.testng.TestNG.runSuitesSequentially(TestNG.java:1215)
	at org.testng.TestNG.runSuitesLocally(TestNG.java:1140)
	at org.testng.TestNG.run(TestNG.java:1048)
	at org.testng.IDEARemoteTestNG.run(IDEARemoteTestNG.java:72)
	at org.testng.RemoteTestNGStarter.main(RemoteTestNGStarter.java:127)
Caused by: org.openqa.selenium.NoSuchElementException: no such element: Unable to locate element: {"method":"xpath","selector":"//h2[contains(text(),'MP')]"}
  (Session info: chrome=67.0.3396.99)
  (Driver info: chromedriver=2.37.544315 (730aa6a5fdba159ac9f4c1e8cbc59bf1b5ce12b7),platform=Windows NT 10.0.10240 x86_64) (WARNING: The server did not provide any stacktrace information)
Command duration or timeout: 5.09 seconds
For documentation on this error, please visit: http://seleniumhq.org/exceptions/no_such_element.html
Build info: version: '3.4.0', revision: 'unknown', time: 'unknown'
System info: host: 'MCKL-03210', ip: '172.19.4.118', os.name: 'Windows 10', os.arch: 'amd64', os.version: '10.0', java.version: '1.8.0_144'
Driver info: org.openqa.selenium.chrome.ChromeDriver
Capabilities [{applicationCacheEnabled=false, rotatable=false, mobileEmulationEnabled=false, networkConnectionEnabled=false, chrome={chromedriverVersion=2.37.544315 (730aa6a5fdba159ac9f4c1e8cbc59bf1b5ce12b7), userDataDir=C:\Users\karthik.m\AppData\Local\Temp\scoped_dir14468_16516}, takesHeapSnapshot=true, pageLoadStrategy=normal, databaseEnabled=false, handlesAlerts=true, hasTouchScreen=false, version=67.0.3396.99, platform=XP, browserConnectionEnabled=false, nativeEvents=true, acceptSslCerts=false, acceptInsecureCerts=false, locationContextEnabled=true, webStorageEnabled=true, browserName=chrome, takesScreenshot=true, javascriptEnabled=true, cssSelectorsEnabled=true, setWindowRect=true, unexpectedAlertBehaviour=}]
Session ID: 94bb7fe60de45376006a87fcdcba6593
*** Element info: {Using=xpath, value=//h2[contains(text(),'MP')]}
	at sun.reflect.NativeConstructorAccessorImpl.newInstance0(Native Method)
	at sun.reflect.NativeConstructorAccessorImpl.newInstance(NativeConstructorAccessorImpl.java:62)
	at sun.reflect.DelegatingConstructorAccessorImpl.newInstance(DelegatingConstructorAccessorImpl.java:45)
	at java.lang.reflect.Constructor.newInstance(Constructor.java:423)
	at org.openqa.selenium.remote.ErrorHandler.createThrowable(ErrorHandler.java:216)
	at org.openqa.selenium.remote.ErrorHandler.throwIfResponseFailed(ErrorHandler.java:168)
	at org.openqa.selenium.remote.RemoteWebDriver.execute(RemoteWebDriver.java:635)
	at org.openqa.selenium.remote.RemoteWebDriver.findElement(RemoteWebDriver.java:368)
	at org.openqa.selenium.remote.RemoteWebDriver.findElementByXPath(RemoteWebDriver.java:473)
	at org.openqa.selenium.By$ByXPath.findElement(By.java:361)
	at org.openqa.selenium.remote.RemoteWebDriver.findElement(RemoteWebDriver.java:360)
	at org.openqa.selenium.support.pagefactory.DefaultElementLocator.findElement(DefaultElementLocator.java:69)
	at org.openqa.selenium.support.pagefactory.internal.LocatingElementHandler.invoke(LocatingElementHandler.java:38)
	at com.sun.proxy.$Proxy10.isDisplayed(Unknown Source)
	at org.openqa.selenium.support.ui.ExpectedConditions.elementIfVisible(ExpectedConditions.java:302)
	at org.openqa.selenium.support.ui.ExpectedConditions.access$100(ExpectedConditions.java:44)
	at org.openqa.selenium.support.ui.ExpectedConditions$10.apply(ExpectedConditions.java:288)
	at org.openqa.selenium.support.ui.ExpectedConditions$10.apply(ExpectedConditions.java:285)
	at org.openqa.selenium.support.ui.ExpectedConditions$23.apply(ExpectedConditions.java:673)
	at org.openqa.selenium.support.ui.ExpectedConditions$23.apply(ExpectedConditions.java:669)
	at org.openqa.selenium.support.ui.FluentWait.until(FluentWait.java:209)
	... 26 more
</pre></td>
												</tr>
												<tr class='log' status='error'>
													<td class='status error' title='error' alt='error'><i class='material-icons'>error</i></td>
													<td class='timestamp'>1:27:13 PM</td>
													<td class='step-details'><img data-featherlight='./capture/2018.07.24.13.27.13.png' width='10%' src='' data-src='./capture/2018.07.24.13.27.13.png'></td>
												</tr>
										</tbody>
									</table>
								</div>
						</div>
				</li>
	</ul>
					</div>
				</li>
				
				
				<li class='test displayed active has-leaf pass' status='pass' bdd='false' test-id='14'>
					<div class='test-heading'>
						<span class='test-name'>ShouldGetErrorMSGWhenEnteringInvalidEmailID</span>
						<span class='test-time'>Jul 24, 2018 01:27:13 PM</span>
						<span class='test-status right pass'>pass</span>
					</div>
					<div class='test-content hide'>
<div class='test-time-info'>
	<span class='label start-time'>Jul 24, 2018 01:27:13 PM</span>
	<span class='label end-time'>Jul 24, 2018 01:27:16 PM</span>
	<span class='label time-taken grey lighten-1 white-text'>0h 0m 2s+715ms</span>
</div>
	<div class='test-steps'>
		<table class='bordered table-results'>
			<thead>
				<tr>
					<th>Status</th>
					<th>Timestamp</th>
					<th>Details</th>
				</tr>
			</thead>
			<tbody>
				<tr class='log' status='info'>
					<td class='status info' title='info' alt='info'><i class='material-icons'>info_outline</i></td>
					<td class='timestamp'>1:27:13 PM</td>
					<td class='step-details'><span class='label white-text blue'>Setup For Test: ShouldGetErrorMSGWhenEnteringInvalidEmailID</span></td>
				</tr>
			</tbody>
		</table>
	</div>
	<ul class='collapsible node-list' data-collapsible='accordion'>
		
				<li class='node level-1 leaf pass' status='pass' test-id='15'>
					<div class='collapsible-header'>
						<div class='node-name'>PAYPLUS-672-LB-card-6</div>						
						<span class='node-time'>Jul 24, 2018 01:27:13 PM</span>
						<span class='node-duration'>0h 0m 2s+715ms</span>
						<span class='test-status right pass'>pass</span>
					</div>
						<div class='collapsible-body'>
									<div class='node-desc'>To Verify Error Message Is Displayed When Entering Invalid Email-ID</div>
								<div class='node-steps'>
									<table class='bordered table-results'>
										<thead>
											<tr>
												<th>Status</th>
												<th>Timestamp</th>
												<th>Details</th>
											</tr>
										</thead>
										<tbody>
												<tr class='log' status='info'>
													<td class='status info' title='info' alt='info'><i class='material-icons'>info_outline</i></td>
													<td class='timestamp'>1:27:13 PM</td>
													<td class='step-details'><span class='label white-text teal'>validLogin:Demo</span></td>
												</tr>
												<tr class='log' status='info'>
													<td class='status info' title='info' alt='info'><i class='material-icons'>info_outline</i></td>
													<td class='timestamp'>1:27:14 PM</td>
													<td class='step-details'>set userName's text as 'Demo'</td>
												</tr>
												<tr class='log' status='info'>
													<td class='status info' title='info' alt='info'><i class='material-icons'>info_outline</i></td>
													<td class='timestamp'>1:27:14 PM</td>
													<td class='step-details'>set password's text as 'Com@123'</td>
												</tr>
												<tr class='log' status='info'>
													<td class='status info' title='info' alt='info'><i class='material-icons'>info_outline</i></td>
													<td class='timestamp'>1:27:14 PM</td>
													<td class='step-details'>Click on login_button</td>
												</tr>
												<tr class='log' status='info'>
													<td class='status info' title='info' alt='info'><i class='material-icons'>info_outline</i></td>
													<td class='timestamp'>1:27:14 PM</td>
													<td class='step-details'><span class='label white-text teal'>AddToCart</span></td>
												</tr>
												<tr class='log' status='info'>
													<td class='status info' title='info' alt='info'><i class='material-icons'>info_outline</i></td>
													<td class='timestamp'>1:27:14 PM</td>
													<td class='step-details'>Click on Click_Cart_button</td>
												</tr>
												<tr class='log' status='info'>
													<td class='status info' title='info' alt='info'><i class='material-icons'>info_outline</i></td>
													<td class='timestamp'>1:27:15 PM</td>
													<td class='step-details'>Click on Prooceed_to_payment</td>
												</tr>
												<tr class='log' status='info'>
													<td class='status info' title='info' alt='info'><i class='material-icons'>info_outline</i></td>
													<td class='timestamp'>1:27:15 PM</td>
													<td class='step-details'>Click on payment_page</td>
												</tr>
												<tr class='log' status='info'>
													<td class='status info' title='info' alt='info'><i class='material-icons'>info_outline</i></td>
													<td class='timestamp'>1:27:15 PM</td>
													<td class='step-details'><span class='label white-text amber'>startNegativeTest:</span></td>
												</tr>
												<tr class='log' status='info'>
													<td class='status info' title='info' alt='info'><i class='material-icons'>info_outline</i></td>
													<td class='timestamp'>1:27:15 PM</td>
													<td class='step-details'>set Login Mobile Number's text as '9876543210'</td>
												</tr>
												<tr class='log' status='info'>
													<td class='status info' title='info' alt='info'><i class='material-icons'>info_outline</i></td>
													<td class='timestamp'>1:27:16 PM</td>
													<td class='step-details'>set Login Email-ID's text as 'qwerty'</td>
												</tr>
												<tr class='log' status='info'>
													<td class='status info' title='info' alt='info'><i class='material-icons'>info_outline</i></td>
													<td class='timestamp'>1:27:16 PM</td>
													<td class='step-details'>Click on credit Or Debit Link</td>
												</tr>
												<tr class='log' status='pass'>
													<td class='status pass' title='pass' alt='pass'><i class='material-icons'>check_circle</i></td>
													<td class='timestamp'>1:27:16 PM</td>
													<td class='step-details'><table><tr><td>Verify</td><td>Error Message Is Displayed When Entering Invalid Email-ID</td></tr><tr><td>Actual</td><td>Please enter a valid email.Eg:you@example.com</td></tr><tr><td>Expected</td><td>Please enter a valid email.Eg:you@example.com</td></tr></table></td>
												</tr>
												<tr class='log' status='pass'>
													<td class='status pass' title='pass' alt='pass'><i class='material-icons'>check_circle</i></td>
													<td class='timestamp'>1:27:16 PM</td>
													<td class='step-details'><img data-featherlight='./capture/2018.07.24.13.27.16.png' width='10%' src='' data-src='./capture/2018.07.24.13.27.16.png'></td>
												</tr>
										</tbody>
									</table>
								</div>
						</div>
				</li>
	</ul>
					</div>
				</li>
			</ul>
		</div>
	</div>
	<!-- subview left -->

	<div class='subview-right left'>
		<div class='view-summary'>
			<h5 class='test-name'></h5>

			<div id='step-filters' class="right">
				<span class="blue-text" status="info" alt="info" title="info"><i class="material-icons">info_outline</i></span>
				<span class="green-text" status="pass" alt="pass" title="pass"><i class="material-icons">check_circle</i></span>
				<span class="red-text" status="fail" alt="fail" title="fail"><i class="material-icons">cancel</i></span>
				<span class="red-text text-darken-4" status="fatal" alt="fatal" title="fatal"><i class="material-icons">cancel</i></span>
				<span class="pink-text text-lighten-1" status="error" alt="error" title="error"><i class="material-icons">error</i></span>
				<span class="orange-text" alt="warning" status="warning" title="warning"><i class="material-icons">warning</i></span>
				<span class="teal-text" status="skip" alt="skip" title="skip"><i class="material-icons">redo</i></span>
				<span status="clear" alt="Clear filters" title="Clear filters"><i class="material-icons">clear</i></span>
			</div>
		</div>
	</div>
	<!-- subview right -->


<div id='test-view-charts' class='subview-full'>
	<div id='charts-row' class='row nm-v nm-h'>
		<div class='col s12 m6 l6 np-h'>
			<div class='card-panel nm-v'>
				<div class='left panel-name'>Tests</div>
				<div class='chart-box'>
					<canvas id='parent-analysis' width='100' height='80'></canvas>
				</div>
				<div class='block text-small'>
					<span class='tooltipped' data-position='top' data-tooltip='75%'><span class='strong'>6</span> test(s) passed</span>
				</div>
				<div class='block text-small'>
					<span class='strong tooltipped' data-position='top' data-tooltip='25%'>2</span> test(s) failed, <span class='strong tooltipped' data-position='top' data-tooltip='0%'>0</span> others
				</div>
			</div>
		</div>
		
		<div class='col s12 m6 l6 np-h'>
			<div class='card-panel nm-v'>
				<div class='left panel-name'>Steps</div>
				<div class='chart-box'>
					<canvas id='child-analysis' width='100' height='80'></canvas>
				</div>
				<div class='block text-small'>
					<span class='tooltipped' data-position='top' data-tooltip='10.169%'><span class='strong'>18</span> step(s) passed</span>
				</div>
				<div class='block text-small'>
					<span class='strong tooltipped' data-position='top' data-tooltip='6.215%'>11</span> step(s) failed, <span class='strong tooltipped' data-position='top' data-tooltip='83.616%'>148</span> others
				</div>
			</div>
		</div>
		
	</div>
</div>
</div>
<!-- test view -->
<!-- category view -->
<div id='exception-view' class='view hide'>

    <section id='controls'>
        <div class='controls grey lighten-4'>
            <!-- search -->
            <div class='chip transparent' alt='Search Tests' title='Search Tests'>
                <a href="#" class='search-div'>
                    <i class='material-icons'>search</i> Search
                </a>

                <div class='input-field left hide'>
                    <input id='search-tests' type='text' class='validate browser-default' placeholder='Search Tests...'>
                </div>

            </div>
            <!-- search -->
        </div>
    </section>

    <div class='subview-left left'>

        <div class='view-summary'>
            <h5>Exceptions</h3>
                <ul id='exception-collection' class='exception-collection'>

                        <li class='exception displayed active'>
                            <div class='exception-heading'>
                                <span class='exception-name'>org.openqa.selenium.TimeoutException</span>
                                <span class='exception-count right'><span class='label red lighten-1 white-text'>1</span></span>
                            </div>
                            <div class='exception-content hide'>
                                <div class='exception-tests'>
                                    <table class='bordered table-results'>
                                        <thead>
                                        <tr>
                                            <th>Timestamp</th>
                                            <th>TestName</th>
                                            <th>Status</th>
                                        </tr>
                                        </thead>
                                        <tbody>
                                                    <tr>
                                                        <td>Jul 24, 2018 01:25:44 PM</td>
                                                        <td class='linked' test-id='13'>PaymentSuccessfullyDoneThroughMPesa_LB.PAYPLUS-673-Consumer-09</td>
                                                        <td><pre><textarea>org.openqa.selenium.TimeoutException: Expected condition failed: waiting for element to be clickable: [[ChromeDriver: chrome on XP (94bb7fe60de45376006a87fcdcba6593)] -> xpath: //a[contains(@href,'#cardType2')]] (tried for 8 second(s) with 500 MILLISECONDS interval)
Build info: version: '3.4.0', revision: 'unknown', time: 'unknown'
System info: host: 'MCKL-03210', ip: '172.19.4.118', os.name: 'Windows 10', os.arch: 'amd64', os.version: '10.0', java.version: '1.8.0_144'
Driver info: org.openqa.selenium.chrome.ChromeDriver
Capabilities [{applicationCacheEnabled=false, rotatable=false, mobileEmulationEnabled=false, networkConnectionEnabled=false, chrome={chromedriverVersion=2.37.544315 (730aa6a5fdba159ac9f4c1e8cbc59bf1b5ce12b7), userDataDir=C:\Users\karthik.m\AppData\Local\Temp\scoped_dir14468_16516}, takesHeapSnapshot=true, pageLoadStrategy=normal, databaseEnabled=false, handlesAlerts=true, hasTouchScreen=false, version=67.0.3396.99, platform=XP, browserConnectionEnabled=false, nativeEvents=true, acceptSslCerts=false, acceptInsecureCerts=false, locationContextEnabled=true, webStorageEnabled=true, browserName=chrome, takesScreenshot=true, javascriptEnabled=true, cssSelectorsEnabled=true, setWindowRect=true, unexpectedAlertBehaviour=}]
Session ID: 94bb7fe60de45376006a87fcdcba6593
	at org.openqa.selenium.support.ui.WebDriverWait.timeoutException(WebDriverWait.java:80)
	at org.openqa.selenium.support.ui.FluentWait.until(FluentWait.java:232)
	at framework.pageObjects.PageInit.clickOnElement(PageInit.java:209)
	at framework.pageObjects.LightBox.Wallet.WalletInfo_pg.clickOnWallet(WalletInfo_pg.java:71)
	at framework.features.LightBoxManagement.initiateWalletPayment(LightBoxManagement.java:124)
	at tests.LightBox.Wallet.M_Pesa.PaymentSuccessfullyDoneThroughMPesa_LB.paymentSuccessfully(PaymentSuccessfullyDoneThroughMPesa_LB.java:38)
	at sun.reflect.NativeMethodAccessorImpl.invoke0(Native Method)
	at sun.reflect.NativeMethodAccessorImpl.invoke(NativeMethodAccessorImpl.java:62)
	at sun.reflect.DelegatingMethodAccessorImpl.invoke(DelegatingMethodAccessorImpl.java:43)
	at java.lang.reflect.Method.invoke(Method.java:498)
	at org.testng.internal.MethodInvocationHelper.invokeMethod(MethodInvocationHelper.java:85)
	at org.testng.internal.Invoker.invokeMethod(Invoker.java:639)
	at org.testng.internal.Invoker.invokeTestMethod(Invoker.java:816)
	at org.testng.internal.Invoker.invokeTestMethods(Invoker.java:1124)
	at org.testng.internal.TestMethodWorker.invokeTestMethods(TestMethodWorker.java:125)
	at org.testng.internal.TestMethodWorker.run(TestMethodWorker.java:108)
	at org.testng.TestRunner.privateRun(TestRunner.java:774)
	at org.testng.TestRunner.run(TestRunner.java:624)
	at org.testng.SuiteRunner.runTest(SuiteRunner.java:359)
	at org.testng.SuiteRunner.runSequentially(SuiteRunner.java:354)
	at org.testng.SuiteRunner.privateRun(SuiteRunner.java:312)
	at org.testng.SuiteRunner.run(SuiteRunner.java:261)
	at org.testng.SuiteRunnerWorker.runSuite(SuiteRunnerWorker.java:52)
	at org.testng.SuiteRunnerWorker.run(SuiteRunnerWorker.java:86)
	at org.testng.TestNG.runSuitesSequentially(TestNG.java:1215)
	at org.testng.TestNG.runSuitesLocally(TestNG.java:1140)
	at org.testng.TestNG.run(TestNG.java:1048)
	at org.testng.IDEARemoteTestNG.run(IDEARemoteTestNG.java:72)
	at org.testng.RemoteTestNGStarter.main(RemoteTestNGStarter.java:127)
</textarea></pre></td>
                                                    </tr>
                                                    <tr>
                                                        <td>Jul 24, 2018 01:25:44 PM</td>
                                                        <td class='linked' test-id='13'>PaymentSuccessfullyDoneThroughMPesa_LB.PAYPLUS-673-Consumer-09</td>
                                                        <td><pre><textarea>org.openqa.selenium.TimeoutException: Expected condition failed: waiting for element to be clickable: [[ChromeDriver: chrome on XP (94bb7fe60de45376006a87fcdcba6593)] -> id: m-pesa] (tried for 8 second(s) with 500 MILLISECONDS interval)
Build info: version: '3.4.0', revision: 'unknown', time: 'unknown'
System info: host: 'MCKL-03210', ip: '172.19.4.118', os.name: 'Windows 10', os.arch: 'amd64', os.version: '10.0', java.version: '1.8.0_144'
Driver info: org.openqa.selenium.chrome.ChromeDriver
Capabilities [{applicationCacheEnabled=false, rotatable=false, mobileEmulationEnabled=false, networkConnectionEnabled=false, chrome={chromedriverVersion=2.37.544315 (730aa6a5fdba159ac9f4c1e8cbc59bf1b5ce12b7), userDataDir=C:\Users\karthik.m\AppData\Local\Temp\scoped_dir14468_16516}, takesHeapSnapshot=true, pageLoadStrategy=normal, databaseEnabled=false, handlesAlerts=true, hasTouchScreen=false, version=67.0.3396.99, platform=XP, browserConnectionEnabled=false, nativeEvents=true, acceptSslCerts=false, acceptInsecureCerts=false, locationContextEnabled=true, webStorageEnabled=true, browserName=chrome, takesScreenshot=true, javascriptEnabled=true, cssSelectorsEnabled=true, setWindowRect=true, unexpectedAlertBehaviour=}]
Session ID: 94bb7fe60de45376006a87fcdcba6593
	at org.openqa.selenium.support.ui.WebDriverWait.timeoutException(WebDriverWait.java:80)
	at org.openqa.selenium.support.ui.FluentWait.until(FluentWait.java:232)
	at framework.pageObjects.PageInit.clickOnElement(PageInit.java:209)
	at framework.pageObjects.LightBox.Wallet.WalletInfo_pg.selectWallet(WalletInfo_pg.java:99)
	at framework.features.LightBoxManagement.initiateWalletPayment(LightBoxManagement.java:125)
	at tests.LightBox.Wallet.M_Pesa.PaymentSuccessfullyDoneThroughMPesa_LB.paymentSuccessfully(PaymentSuccessfullyDoneThroughMPesa_LB.java:38)
	at sun.reflect.NativeMethodAccessorImpl.invoke0(Native Method)
	at sun.reflect.NativeMethodAccessorImpl.invoke(NativeMethodAccessorImpl.java:62)
	at sun.reflect.DelegatingMethodAccessorImpl.invoke(DelegatingMethodAccessorImpl.java:43)
	at java.lang.reflect.Method.invoke(Method.java:498)
	at org.testng.internal.MethodInvocationHelper.invokeMethod(MethodInvocationHelper.java:85)
	at org.testng.internal.Invoker.invokeMethod(Invoker.java:639)
	at org.testng.internal.Invoker.invokeTestMethod(Invoker.java:816)
	at org.testng.internal.Invoker.invokeTestMethods(Invoker.java:1124)
	at org.testng.internal.TestMethodWorker.invokeTestMethods(TestMethodWorker.java:125)
	at org.testng.internal.TestMethodWorker.run(TestMethodWorker.java:108)
	at org.testng.TestRunner.privateRun(TestRunner.java:774)
	at org.testng.TestRunner.run(TestRunner.java:624)
	at org.testng.SuiteRunner.runTest(SuiteRunner.java:359)
	at org.testng.SuiteRunner.runSequentially(SuiteRunner.java:354)
	at org.testng.SuiteRunner.privateRun(SuiteRunner.java:312)
	at org.testng.SuiteRunner.run(SuiteRunner.java:261)
	at org.testng.SuiteRunnerWorker.runSuite(SuiteRunnerWorker.java:52)
	at org.testng.SuiteRunnerWorker.run(SuiteRunnerWorker.java:86)
	at org.testng.TestNG.runSuitesSequentially(TestNG.java:1215)
	at org.testng.TestNG.runSuitesLocally(TestNG.java:1140)
	at org.testng.TestNG.run(TestNG.java:1048)
	at org.testng.IDEARemoteTestNG.run(IDEARemoteTestNG.java:72)
	at org.testng.RemoteTestNGStarter.main(RemoteTestNGStarter.java:127)
</textarea></pre></td>
                                                    </tr>
                                                    <tr>
                                                        <td>Jul 24, 2018 01:25:44 PM</td>
                                                        <td class='linked' test-id='13'>PaymentSuccessfullyDoneThroughMPesa_LB.PAYPLUS-673-Consumer-09</td>
                                                        <td><pre><textarea>org.openqa.selenium.TimeoutException: Expected condition failed: waiting for element to be clickable: [[ChromeDriver: chrome on XP (94bb7fe60de45376006a87fcdcba6593)] -> id: mobileNumberMP] (tried for 8 second(s) with 500 MILLISECONDS interval)
Build info: version: '3.4.0', revision: 'unknown', time: 'unknown'
System info: host: 'MCKL-03210', ip: '172.19.4.118', os.name: 'Windows 10', os.arch: 'amd64', os.version: '10.0', java.version: '1.8.0_144'
Driver info: org.openqa.selenium.chrome.ChromeDriver
Capabilities [{applicationCacheEnabled=false, rotatable=false, mobileEmulationEnabled=false, networkConnectionEnabled=false, chrome={chromedriverVersion=2.37.544315 (730aa6a5fdba159ac9f4c1e8cbc59bf1b5ce12b7), userDataDir=C:\Users\karthik.m\AppData\Local\Temp\scoped_dir14468_16516}, takesHeapSnapshot=true, pageLoadStrategy=normal, databaseEnabled=false, handlesAlerts=true, hasTouchScreen=false, version=67.0.3396.99, platform=XP, browserConnectionEnabled=false, nativeEvents=true, acceptSslCerts=false, acceptInsecureCerts=false, locationContextEnabled=true, webStorageEnabled=true, browserName=chrome, takesScreenshot=true, javascriptEnabled=true, cssSelectorsEnabled=true, setWindowRect=true, unexpectedAlertBehaviour=}]
Session ID: 94bb7fe60de45376006a87fcdcba6593
	at org.openqa.selenium.support.ui.WebDriverWait.timeoutException(WebDriverWait.java:80)
	at org.openqa.selenium.support.ui.FluentWait.until(FluentWait.java:232)
	at framework.pageObjects.PageInit.setText(PageInit.java:55)
	at framework.pageObjects.LightBox.Wallet.WalletInfo_pg.enterMobNumMP(WalletInfo_pg.java:118)
	at framework.features.LightBoxManagement.initiateWalletPayment(LightBoxManagement.java:130)
	at tests.LightBox.Wallet.M_Pesa.PaymentSuccessfullyDoneThroughMPesa_LB.paymentSuccessfully(PaymentSuccessfullyDoneThroughMPesa_LB.java:38)
	at sun.reflect.NativeMethodAccessorImpl.invoke0(Native Method)
	at sun.reflect.NativeMethodAccessorImpl.invoke(NativeMethodAccessorImpl.java:62)
	at sun.reflect.DelegatingMethodAccessorImpl.invoke(DelegatingMethodAccessorImpl.java:43)
	at java.lang.reflect.Method.invoke(Method.java:498)
	at org.testng.internal.MethodInvocationHelper.invokeMethod(MethodInvocationHelper.java:85)
	at org.testng.internal.Invoker.invokeMethod(Invoker.java:639)
	at org.testng.internal.Invoker.invokeTestMethod(Invoker.java:816)
	at org.testng.internal.Invoker.invokeTestMethods(Invoker.java:1124)
	at org.testng.internal.TestMethodWorker.invokeTestMethods(TestMethodWorker.java:125)
	at org.testng.internal.TestMethodWorker.run(TestMethodWorker.java:108)
	at org.testng.TestRunner.privateRun(TestRunner.java:774)
	at org.testng.TestRunner.run(TestRunner.java:624)
	at org.testng.SuiteRunner.runTest(SuiteRunner.java:359)
	at org.testng.SuiteRunner.runSequentially(SuiteRunner.java:354)
	at org.testng.SuiteRunner.privateRun(SuiteRunner.java:312)
	at org.testng.SuiteRunner.run(SuiteRunner.java:261)
	at org.testng.SuiteRunnerWorker.runSuite(SuiteRunnerWorker.java:52)
	at org.testng.SuiteRunnerWorker.run(SuiteRunnerWorker.java:86)
	at org.testng.TestNG.runSuitesSequentially(TestNG.java:1215)
	at org.testng.TestNG.runSuitesLocally(TestNG.java:1140)
	at org.testng.TestNG.run(TestNG.java:1048)
	at org.testng.IDEARemoteTestNG.run(IDEARemoteTestNG.java:72)
	at org.testng.RemoteTestNGStarter.main(RemoteTestNGStarter.java:127)
</textarea></pre></td>
                                                    </tr>
                                                    <tr>
                                                        <td>Jul 24, 2018 01:25:44 PM</td>
                                                        <td class='linked' test-id='13'>PaymentSuccessfullyDoneThroughMPesa_LB.PAYPLUS-673-Consumer-09</td>
                                                        <td><pre><textarea>org.openqa.selenium.TimeoutException: Expected condition failed: waiting for element to be clickable: [[ChromeDriver: chrome on XP (94bb7fe60de45376006a87fcdcba6593)] -> id: generateID] (tried for 8 second(s) with 500 MILLISECONDS interval)
Build info: version: '3.4.0', revision: 'unknown', time: 'unknown'
System info: host: 'MCKL-03210', ip: '172.19.4.118', os.name: 'Windows 10', os.arch: 'amd64', os.version: '10.0', java.version: '1.8.0_144'
Driver info: org.openqa.selenium.chrome.ChromeDriver
Capabilities [{applicationCacheEnabled=false, rotatable=false, mobileEmulationEnabled=false, networkConnectionEnabled=false, chrome={chromedriverVersion=2.37.544315 (730aa6a5fdba159ac9f4c1e8cbc59bf1b5ce12b7), userDataDir=C:\Users\karthik.m\AppData\Local\Temp\scoped_dir14468_16516}, takesHeapSnapshot=true, pageLoadStrategy=normal, databaseEnabled=false, handlesAlerts=true, hasTouchScreen=false, version=67.0.3396.99, platform=XP, browserConnectionEnabled=false, nativeEvents=true, acceptSslCerts=false, acceptInsecureCerts=false, locationContextEnabled=true, webStorageEnabled=true, browserName=chrome, takesScreenshot=true, javascriptEnabled=true, cssSelectorsEnabled=true, setWindowRect=true, unexpectedAlertBehaviour=}]
Session ID: 94bb7fe60de45376006a87fcdcba6593
	at org.openqa.selenium.support.ui.WebDriverWait.timeoutException(WebDriverWait.java:80)
	at org.openqa.selenium.support.ui.FluentWait.until(FluentWait.java:232)
	at framework.pageObjects.PageInit.clickOnElement(PageInit.java:209)
	at framework.pageObjects.LightBox.Wallet.WalletInfo_pg.clickOnGenerateID(WalletInfo_pg.java:123)
	at framework.features.LightBoxManagement.initiateWalletPayment(LightBoxManagement.java:131)
	at tests.LightBox.Wallet.M_Pesa.PaymentSuccessfullyDoneThroughMPesa_LB.paymentSuccessfully(PaymentSuccessfullyDoneThroughMPesa_LB.java:38)
	at sun.reflect.NativeMethodAccessorImpl.invoke0(Native Method)
	at sun.reflect.NativeMethodAccessorImpl.invoke(NativeMethodAccessorImpl.java:62)
	at sun.reflect.DelegatingMethodAccessorImpl.invoke(DelegatingMethodAccessorImpl.java:43)
	at java.lang.reflect.Method.invoke(Method.java:498)
	at org.testng.internal.MethodInvocationHelper.invokeMethod(MethodInvocationHelper.java:85)
	at org.testng.internal.Invoker.invokeMethod(Invoker.java:639)
	at org.testng.internal.Invoker.invokeTestMethod(Invoker.java:816)
	at org.testng.internal.Invoker.invokeTestMethods(Invoker.java:1124)
	at org.testng.internal.TestMethodWorker.invokeTestMethods(TestMethodWorker.java:125)
	at org.testng.internal.TestMethodWorker.run(TestMethodWorker.java:108)
	at org.testng.TestRunner.privateRun(TestRunner.java:774)
	at org.testng.TestRunner.run(TestRunner.java:624)
	at org.testng.SuiteRunner.runTest(SuiteRunner.java:359)
	at org.testng.SuiteRunner.runSequentially(SuiteRunner.java:354)
	at org.testng.SuiteRunner.privateRun(SuiteRunner.java:312)
	at org.testng.SuiteRunner.run(SuiteRunner.java:261)
	at org.testng.SuiteRunnerWorker.runSuite(SuiteRunnerWorker.java:52)
	at org.testng.SuiteRunnerWorker.run(SuiteRunnerWorker.java:86)
	at org.testng.TestNG.runSuitesSequentially(TestNG.java:1215)
	at org.testng.TestNG.runSuitesLocally(TestNG.java:1140)
	at org.testng.TestNG.run(TestNG.java:1048)
	at org.testng.IDEARemoteTestNG.run(IDEARemoteTestNG.java:72)
	at org.testng.RemoteTestNGStarter.main(RemoteTestNGStarter.java:127)
</textarea></pre></td>
                                                    </tr>
                                                    <tr>
                                                        <td>Jul 24, 2018 01:25:44 PM</td>
                                                        <td class='linked' test-id='13'>PaymentSuccessfullyDoneThroughMPesa_LB.PAYPLUS-673-Consumer-09</td>
                                                        <td><pre><pre>org.openqa.selenium.TimeoutException: Expected condition failed: waiting for element to be clickable: Proxy element for: DefaultElementLocator 'By.xpath: //h2[contains(text(),'MP')]' (tried for 8 second(s) with 500 MILLISECONDS interval)
	at org.openqa.selenium.support.ui.WebDriverWait.timeoutException(WebDriverWait.java:80)
	at org.openqa.selenium.support.ui.FluentWait.until(FluentWait.java:232)
	at framework.pageObjects.LightBox.Wallet.WalletInfo_pg.getReferenceNum(WalletInfo_pg.java:133)
	at framework.features.LightBoxManagement.initiateWalletPayment(LightBoxManagement.java:140)
	at tests.LightBox.Wallet.M_Pesa.PaymentSuccessfullyDoneThroughMPesa_LB.paymentSuccessfully(PaymentSuccessfullyDoneThroughMPesa_LB.java:38)
	at sun.reflect.NativeMethodAccessorImpl.invoke0(Native Method)
	at sun.reflect.NativeMethodAccessorImpl.invoke(NativeMethodAccessorImpl.java:62)
	at sun.reflect.DelegatingMethodAccessorImpl.invoke(DelegatingMethodAccessorImpl.java:43)
	at java.lang.reflect.Method.invoke(Method.java:498)
	at org.testng.internal.MethodInvocationHelper.invokeMethod(MethodInvocationHelper.java:85)
	at org.testng.internal.Invoker.invokeMethod(Invoker.java:639)
	at org.testng.internal.Invoker.invokeTestMethod(Invoker.java:816)
	at org.testng.internal.Invoker.invokeTestMethods(Invoker.java:1124)
	at org.testng.internal.TestMethodWorker.invokeTestMethods(TestMethodWorker.java:125)
	at org.testng.internal.TestMethodWorker.run(TestMethodWorker.java:108)
	at org.testng.TestRunner.privateRun(TestRunner.java:774)
	at org.testng.TestRunner.run(TestRunner.java:624)
	at org.testng.SuiteRunner.runTest(SuiteRunner.java:359)
	at org.testng.SuiteRunner.runSequentially(SuiteRunner.java:354)
	at org.testng.SuiteRunner.privateRun(SuiteRunner.java:312)
	at org.testng.SuiteRunner.run(SuiteRunner.java:261)
	at org.testng.SuiteRunnerWorker.runSuite(SuiteRunnerWorker.java:52)
	at org.testng.SuiteRunnerWorker.run(SuiteRunnerWorker.java:86)
	at org.testng.TestNG.runSuitesSequentially(TestNG.java:1215)
	at org.testng.TestNG.runSuitesLocally(TestNG.java:1140)
	at org.testng.TestNG.run(TestNG.java:1048)
	at org.testng.IDEARemoteTestNG.run(IDEARemoteTestNG.java:72)
	at org.testng.RemoteTestNGStarter.main(RemoteTestNGStarter.java:127)
Caused by: org.openqa.selenium.NoSuchElementException: no such element: Unable to locate element: {"method":"xpath","selector":"//h2[contains(text(),'MP')]"}
  (Session info: chrome=67.0.3396.99)
  (Driver info: chromedriver=2.37.544315 (730aa6a5fdba159ac9f4c1e8cbc59bf1b5ce12b7),platform=Windows NT 10.0.10240 x86_64) (WARNING: The server did not provide any stacktrace information)
Command duration or timeout: 5.09 seconds
For documentation on this error, please visit: http://seleniumhq.org/exceptions/no_such_element.html
Build info: version: '3.4.0', revision: 'unknown', time: 'unknown'
System info: host: 'MCKL-03210', ip: '172.19.4.118', os.name: 'Windows 10', os.arch: 'amd64', os.version: '10.0', java.version: '1.8.0_144'
Driver info: org.openqa.selenium.chrome.ChromeDriver
Capabilities [{applicationCacheEnabled=false, rotatable=false, mobileEmulationEnabled=false, networkConnectionEnabled=false, chrome={chromedriverVersion=2.37.544315 (730aa6a5fdba159ac9f4c1e8cbc59bf1b5ce12b7), userDataDir=C:\Users\karthik.m\AppData\Local\Temp\scoped_dir14468_16516}, takesHeapSnapshot=true, pageLoadStrategy=normal, databaseEnabled=false, handlesAlerts=true, hasTouchScreen=false, version=67.0.3396.99, platform=XP, browserConnectionEnabled=false, nativeEvents=true, acceptSslCerts=false, acceptInsecureCerts=false, locationContextEnabled=true, webStorageEnabled=true, browserName=chrome, takesScreenshot=true, javascriptEnabled=true, cssSelectorsEnabled=true, setWindowRect=true, unexpectedAlertBehaviour=}]
Session ID: 94bb7fe60de45376006a87fcdcba6593
*** Element info: {Using=xpath, value=//h2[contains(text(),'MP')]}
	at sun.reflect.NativeConstructorAccessorImpl.newInstance0(Native Method)
	at sun.reflect.NativeConstructorAccessorImpl.newInstance(NativeConstructorAccessorImpl.java:62)
	at sun.reflect.DelegatingConstructorAccessorImpl.newInstance(DelegatingConstructorAccessorImpl.java:45)
	at java.lang.reflect.Constructor.newInstance(Constructor.java:423)
	at org.openqa.selenium.remote.ErrorHandler.createThrowable(ErrorHandler.java:216)
	at org.openqa.selenium.remote.ErrorHandler.throwIfResponseFailed(ErrorHandler.java:168)
	at org.openqa.selenium.remote.RemoteWebDriver.execute(RemoteWebDriver.java:635)
	at org.openqa.selenium.remote.RemoteWebDriver.findElement(RemoteWebDriver.java:368)
	at org.openqa.selenium.remote.RemoteWebDriver.findElementByXPath(RemoteWebDriver.java:473)
	at org.openqa.selenium.By$ByXPath.findElement(By.java:361)
	at org.openqa.selenium.remote.RemoteWebDriver.findElement(RemoteWebDriver.java:360)
	at org.openqa.selenium.support.pagefactory.DefaultElementLocator.findElement(DefaultElementLocator.java:69)
	at org.openqa.selenium.support.pagefactory.internal.LocatingElementHandler.invoke(LocatingElementHandler.java:38)
	at com.sun.proxy.$Proxy10.isDisplayed(Unknown Source)
	at org.openqa.selenium.support.ui.ExpectedConditions.elementIfVisible(ExpectedConditions.java:302)
	at org.openqa.selenium.support.ui.ExpectedConditions.access$100(ExpectedConditions.java:44)
	at org.openqa.selenium.support.ui.ExpectedConditions$10.apply(ExpectedConditions.java:288)
	at org.openqa.selenium.support.ui.ExpectedConditions$10.apply(ExpectedConditions.java:285)
	at org.openqa.selenium.support.ui.ExpectedConditions$23.apply(ExpectedConditions.java:673)
	at org.openqa.selenium.support.ui.ExpectedConditions$23.apply(ExpectedConditions.java:669)
	at org.openqa.selenium.support.ui.FluentWait.until(FluentWait.java:209)
	... 26 more
</pre></pre></td>
                                                    </tr>
                                        </tbody>
                                    </table>
                                </div>
                            </div>
                        </li>
                </ul>
        </div>
    </div>

    <div class='subview-right left'>
        <div class='view-summary'>
            <h5 class='exception-name'></h5>
        </div>
    </div>
</div>
<!-- exception view -->
<div id='dashboard-view' class='view hide'>
	<div class='card-panel transparent np-v'>
		<h5>Dashboard</h5>

		<div class='row'>
			<div class='col s2'>
				<div class='card-panel r'>
					Tests
					<div class='panel-lead'>8</div>
				</div>
			</div>
			<div class='col s2'>
				<div class='card-panel r'>
					Steps
					<div class='panel-lead'>177</div>
				</div>
			</div>
			<div class='col s2'>
				<div class='card-panel r'>
					Start
					<div class='panel-lead'>Jul 24, 2018 01:24:45 PM</div>
				</div>
			</div>
			<div class='col s2'>
				<div class='card-panel r'>
			 		End
			 		<div class='panel-lead'>Jul 24, 2018 01:27:16 PM</div>
				</div>
			</div>
			<div class='col s2'>
				<div class='card-panel r'>
					Time Taken
					<div class='panel-lead'>151,127ms</div>
				</div>
			</div>
			<div class='col s4'>
				<div class='card-panel environment'>
					<span class='right label cyan white-text'>Environment</span><p>&nbsp;</p>
					
					<table>
						<tr>
							<th>Name</th>
							<th>Value</th>
						</tr>
							<tr>
								<td>URL</td>
								<td>http://172.19.7.229:1035/CART/</td>
							</tr>
							<tr>
								<td>Browser</td>
								<td>chrome</td>
							</tr>
					</table>
				</div>
			</div>
		</div>
	</div>
</div>
<!-- dashboard view -->
<!-- testrunner-logs view -->
		</div>
		<!-- container -->

		<script>
			var statusGroup = {
				passParent: 6,
				failParent: 2,
				fatalParent: 0,
				errorParent: 0,
				warningParent: 0,
				skipParent: 0,
				exceptionsParent: 2,
				
				passChild: 18,
				failChild: 11,
				fatalChild: 0,
				errorChild: 9,
				warningChild: 4,
				skipChild: 0,
				infoChild: 135,
				exceptionsChild: 24,
				
				passGrandChild: 0,
				failGrandChild: 0,
				fatalGrandChild: 0,
				errorGrandChild: 0,
				warningGrandChild: 0,
				skipGrandChild: 0,
				infoGrandChild: 0,
				exceptionsGrandChild: 0,
			};
		</script>
		
			<script src='https://cdn.rawgit.com/anshooarora/extentreports-java/29d2d3ec024c953e6341cb3e19e31b1035a8f556/dist/js/extent.js' type='text/javascript'></script>
		
		<script type='text/javascript'>
			$(document).ready(function() {
				$('#test-view-charts').addClass('hide');
			});
		</script>
		
	</body>
	
</html>
